[27dez.2025 17:08:39.178] [main/INFO] [cpw.mods.modlauncher.Launcher/MODLAUNCHER]: ModLauncher running: args [--username, Zelador__, --version, neoforge-21.1.217, --gameDir, F:\Yggdrasil2.0.0\rahs-yggdrasil, --assetsDir, C:\Users\digod\AppData\Roaming\.minecraft\assets, --assetIndex, 17, --uuid, a4ca2cd8267a3293a38d280127820d62, --accessToken, ❄❄❄❄❄❄❄❄, --clientId, 0, --xuid, 0, --userType, msa, --versionType, release, --width, 854, --height, 480, --fml.neoForgeVersion, 21.1.217, --fml.fmlVersion, 4.0.42, --fml.mcVersion, 1.21.1, --fml.neoFormVersion, 20240808.144430, --launchTarget, forgeclient]
[27dez.2025 17:08:39.183] [main/INFO] [cpw.mods.modlauncher.Launcher/MODLAUNCHER]: JVM identified as Eclipse Adoptium OpenJDK 64-Bit Server VM 25.0.1+8-LTS
[27dez.2025 17:08:39.187] [main/INFO] [cpw.mods.modlauncher.Launcher/MODLAUNCHER]: ModLauncher 11.0.5+main.901c6ea8 starting: java version 25.0.1 by Eclipse Adoptium; OS Windows 10 arch amd64 version 10.0
[27dez.2025 17:08:39.526] [main/INFO] [net.neoforged.fml.loading.ImmediateWindowHandler/]: Loading ImmediateWindowProvider fmlearlywindow
[27dez.2025 17:08:39.765] [main/INFO] [EARLYDISPLAY/]: Trying GL version 4.6
[27dez.2025 17:08:39.868] [main/INFO] [EARLYDISPLAY/]: Requested GL version 4.6 got version 4.6
[27dez.2025 17:08:40.101] [main/INFO] [mixin/]: SpongePowered MIXIN Subsystem Version=0.8.7 Source=union:/C:/Users/digod/AppData/Roaming/.minecraft/libraries/net/fabricmc/sponge-mixin/0.15.2+mixin.0.8.7/sponge-mixin-0.15.2+mixin.0.8.7.jar%23121!/ Service=ModLauncher Env=CLIENT
[27dez.2025 17:08:40.545] [pool-4-thread-1/INFO] [EARLYDISPLAY/]: GL info: AMD Radeon RX 5700 XT GL version 4.6.0 Core Profile Context 25.12.1.251128, ATI Technologies Inc.
[27dez.2025 17:08:40.832] [main/INFO] [net.neoforged.fml.loading.moddiscovery.ModDiscoverer/SCAN]: Found mod file "client-1.21.1-20240808.144430-srg.jar" [locator: production client provider +net.neoforged:neoforge:21.1.217:client]
[27dez.2025 17:08:40.918] [main/INFO] [net.neoforged.fml.loading.moddiscovery.ModDiscoverer/SCAN]: Found mod file "neoforge-21.1.217-universal.jar" [locator: PathBasedLocator[name=neoforge, paths=[C:\Users\digod\AppData\Roaming\.minecraft\libraries\net\neoforged\neoforge\21.1.217\neoforge-21.1.217-universal.jar]], reader: mod manifest]
[27dez.2025 17:08:40.932] [main/INFO] [net.neoforged.fml.loading.moddiscovery.ModDiscoverer/SCAN]: Found mod file "AchievementOptimizer-neoforge-1.21.1-2.1.0.jar" [locator: {mods folder locator at F:\Yggdrasil2.0.0\rahs-yggdrasil\mods}, reader: mod manifest]
[27dez.2025 17:08:40.942] [main/INFO] [net.neoforged.fml.loading.moddiscovery.ModDiscoverer/SCAN]: Found mod file "alltheleaks-1.1.4+1.21.1-neoforge.jar" [locator: {mods folder locator at F:\Yggdrasil2.0.0\rahs-yggdrasil\mods}, reader: mod manifest]
[27dez.2025 17:08:40.951] [main/INFO] [net.neoforged.fml.loading.moddiscovery.ModDiscoverer/SCAN]: Found mod file "Almanac-1.21.1-2-neoforge-1.5.0.jar" [locator: {mods folder locator at F:\Yggdrasil2.0.0\rahs-yggdrasil\mods}, reader: mod manifest]
[27dez.2025 17:08:40.963] [main/INFO] [net.neoforged.fml.loading.moddiscovery.ModDiscoverer/SCAN]: Found mod file "architectury-13.0.8-neoforge.jar" [locator: {mods folder locator at F:\Yggdrasil2.0.0\rahs-yggdrasil\mods}, reader: mod manifest]
[27dez.2025 17:08:40.983] [main/INFO] [net.neoforged.fml.loading.moddiscovery.ModDiscoverer/SCAN]: Found mod file "BadOptimizations-2.4.1-1.21.1.jar" [locator: {mods folder locator at F:\Yggdrasil2.0.0\rahs-yggdrasil\mods}, reader: mod manifest]
[27dez.2025 17:08:40.993] [main/INFO] [net.neoforged.fml.loading.moddiscovery.ModDiscoverer/SCAN]: Found mod file "bcc-21.1.7+mc1.21.1.jar" [locator: {mods folder locator at F:\Yggdrasil2.0.0\rahs-yggdrasil\mods}, reader: mod manifest]
[27dez.2025 17:08:41.000] [main/INFO] [net.neoforged.fml.loading.moddiscovery.ModDiscoverer/SCAN]: Found mod file "catalogue-neoforge-1.21.1-1.11.2.jar" [locator: {mods folder locator at F:\Yggdrasil2.0.0\rahs-yggdrasil\mods}, reader: mod manifest]
[27dez.2025 17:08:41.005] [main/INFO] [net.neoforged.fml.loading.moddiscovery.ModDiscoverer/SCAN]: Found mod file "chloride-NEOFORGE-mc1.21.1-v1.7.5.jar" [locator: {mods folder locator at F:\Yggdrasil2.0.0\rahs-yggdrasil\mods}, reader: mod manifest]
[27dez.2025 17:08:41.011] [main/INFO] [net.neoforged.fml.loading.moddiscovery.ModDiscoverer/SCAN]: Found mod file "cloth-config-15.0.140-neoforge.jar" [locator: {mods folder locator at F:\Yggdrasil2.0.0\rahs-yggdrasil\mods}, reader: mod manifest]
[27dez.2025 17:08:41.022] [main/INFO] [net.neoforged.fml.loading.moddiscovery.ModDiscoverer/SCAN]: Found mod file "colorwheel-neoforge-1.1.1+mc1.21.1.jar" [locator: {mods folder locator at F:\Yggdrasil2.0.0\rahs-yggdrasil\mods}, reader: mod manifest]
[27dez.2025 17:08:41.032] [main/INFO] [net.neoforged.fml.loading.moddiscovery.ModDiscoverer/SCAN]: Found mod file "configured-neoforge-1.21.1-2.6.3.jar" [locator: {mods folder locator at F:\Yggdrasil2.0.0\rahs-yggdrasil\mods}, reader: mod manifest]
[27dez.2025 17:08:41.043] [main/INFO] [net.neoforged.fml.loading.moddiscovery.ModDiscoverer/SCAN]: Found mod file "create-1.21.1-6.0.8.jar" [locator: {mods folder locator at F:\Yggdrasil2.0.0\rahs-yggdrasil\mods}, reader: mod manifest]
[27dez.2025 17:08:41.049] [main/INFO] [net.neoforged.fml.loading.moddiscovery.ModDiscoverer/SCAN]: Found mod file "curios-neoforge-9.5.1+1.21.1.jar" [locator: {mods folder locator at F:\Yggdrasil2.0.0\rahs-yggdrasil\mods}, reader: mod manifest]
[27dez.2025 17:08:41.056] [main/INFO] [net.neoforged.fml.loading.moddiscovery.ModDiscoverer/SCAN]: Found mod file "drippyloadingscreen_neoforge_3.1.0_MC_1.21.1.jar" [locator: {mods folder locator at F:\Yggdrasil2.0.0\rahs-yggdrasil\mods}, reader: mod manifest]
[27dez.2025 17:08:41.061] [main/INFO] [net.neoforged.fml.loading.moddiscovery.ModDiscoverer/SCAN]: Found mod file "entityculling-neoforge-1.9.4-mc1.21.1.jar" [locator: {mods folder locator at F:\Yggdrasil2.0.0\rahs-yggdrasil\mods}, reader: mod manifest]
[27dez.2025 17:08:41.067] [main/INFO] [net.neoforged.fml.loading.moddiscovery.ModDiscoverer/SCAN]: Found mod file "fancy-entity-renderer-neoforge-1.21-0.4.2.jar" [locator: {mods folder locator at F:\Yggdrasil2.0.0\rahs-yggdrasil\mods}, reader: mod manifest]
[27dez.2025 17:08:41.075] [main/INFO] [net.neoforged.fml.loading.moddiscovery.ModDiscoverer/SCAN]: Found mod file "fancymenu_neoforge_3.8.1_MC_1.21.1.jar" [locator: {mods folder locator at F:\Yggdrasil2.0.0\rahs-yggdrasil\mods}, reader: mod manifest]
[27dez.2025 17:08:41.080] [main/INFO] [net.neoforged.fml.loading.moddiscovery.ModDiscoverer/SCAN]: Found mod file "fast-ip-ping-v1.0.8-mc1.21.1-neoforge.jar" [locator: {mods folder locator at F:\Yggdrasil2.0.0\rahs-yggdrasil\mods}, reader: mod manifest]
[27dez.2025 17:08:41.095] [main/INFO] [net.neoforged.fml.loading.moddiscovery.ModDiscoverer/SCAN]: Found mod file "fastboot-1.21.x-v1.3neo.jar" [locator: {mods folder locator at F:\Yggdrasil2.0.0\rahs-yggdrasil\mods}, reader: mod manifest]
[27dez.2025 17:08:41.103] [main/INFO] [net.neoforged.fml.loading.moddiscovery.ModDiscoverer/SCAN]: Found mod file "FastFurnace-1.21.1-9.0.1.jar" [locator: {mods folder locator at F:\Yggdrasil2.0.0\rahs-yggdrasil\mods}, reader: mod manifest]
[27dez.2025 17:08:41.108] [main/INFO] [net.neoforged.fml.loading.moddiscovery.ModDiscoverer/SCAN]: Found mod file "FastSuite-1.21.1-6.0.5.jar" [locator: {mods folder locator at F:\Yggdrasil2.0.0\rahs-yggdrasil\mods}, reader: mod manifest]
[27dez.2025 17:08:41.115] [main/INFO] [net.neoforged.fml.loading.moddiscovery.ModDiscoverer/SCAN]: Found mod file "FastWorkbench-1.21.1-9.1.3.jar" [locator: {mods folder locator at F:\Yggdrasil2.0.0\rahs-yggdrasil\mods}, reader: mod manifest]
[27dez.2025 17:08:41.126] [main/INFO] [net.neoforged.fml.loading.moddiscovery.ModDiscoverer/SCAN]: Found mod file "ferritecore-7.0.2-neoforge.jar" [locator: {mods folder locator at F:\Yggdrasil2.0.0\rahs-yggdrasil\mods}, reader: mod manifest]
[27dez.2025 17:08:41.145] [main/INFO] [net.neoforged.fml.loading.moddiscovery.ModDiscoverer/SCAN]: Found mod file "ImmediatelyFast-NeoForge-1.6.9+1.21.1(1).jar" [locator: {mods folder locator at F:\Yggdrasil2.0.0\rahs-yggdrasil\mods}, reader: mod manifest]
[27dez.2025 17:08:41.156] [main/INFO] [net.neoforged.fml.loading.moddiscovery.ModDiscoverer/SCAN]: Found mod file "iris-neoforge-1.8.12+mc1.21.1.jar" [locator: {mods folder locator at F:\Yggdrasil2.0.0\rahs-yggdrasil\mods}, reader: mod manifest]
[27dez.2025 17:08:41.161] [main/INFO] [net.neoforged.fml.loading.moddiscovery.ModDiscoverer/SCAN]: Found mod file "konkrete_neoforge_1.9.9_MC_1.21.jar" [locator: {mods folder locator at F:\Yggdrasil2.0.0\rahs-yggdrasil\mods}, reader: mod manifest]
[27dez.2025 17:08:41.165] [main/INFO] [net.neoforged.fml.loading.moddiscovery.ModDiscoverer/SCAN]: Found mod file "krypton_fnp-neoforge-1.21.1-0.2.27-1.21.1.jar" [locator: {mods folder locator at F:\Yggdrasil2.0.0\rahs-yggdrasil\mods}, reader: mod manifest]
[27dez.2025 17:08:41.174] [main/INFO] [net.neoforged.fml.loading.moddiscovery.ModDiscoverer/SCAN]: Found mod file "kubejs-neoforge-2101.7.2-build.348.jar" [locator: {mods folder locator at F:\Yggdrasil2.0.0\rahs-yggdrasil\mods}, reader: mod manifest]
[27dez.2025 17:08:41.183] [main/INFO] [net.neoforged.fml.loading.moddiscovery.ModDiscoverer/SCAN]: Found mod file "kubejstweaks-1.0.5.jar" [locator: {mods folder locator at F:\Yggdrasil2.0.0\rahs-yggdrasil\mods}, reader: mod manifest]
[27dez.2025 17:08:41.201] [main/INFO] [net.neoforged.fml.loading.moddiscovery.ModDiscoverer/SCAN]: Found mod file "L_Ender's Cataclysm 1.21.1-3.16.jar" [locator: {mods folder locator at F:\Yggdrasil2.0.0\rahs-yggdrasil\mods}, reader: mod manifest]
[27dez.2025 17:08:41.214] [main/INFO] [net.neoforged.fml.loading.moddiscovery.ModDiscoverer/SCAN]: Found mod file "letmedespawn-1.21.x-neoforge-1.5.0.jar" [locator: {mods folder locator at F:\Yggdrasil2.0.0\rahs-yggdrasil\mods}, reader: mod manifest]
[27dez.2025 17:08:41.220] [main/INFO] [net.neoforged.fml.loading.moddiscovery.ModDiscoverer/SCAN]: Found mod file "lionfishapi-2.6.jar" [locator: {mods folder locator at F:\Yggdrasil2.0.0\rahs-yggdrasil\mods}, reader: mod manifest]
[27dez.2025 17:08:41.226] [main/INFO] [net.neoforged.fml.loading.moddiscovery.ModDiscoverer/SCAN]: Found mod file "mcef-neoforge-2.1.6-1.21.1.jar" [locator: {mods folder locator at F:\Yggdrasil2.0.0\rahs-yggdrasil\mods}, reader: mod manifest]
[27dez.2025 17:08:41.235] [main/INFO] [net.neoforged.fml.loading.moddiscovery.ModDiscoverer/SCAN]: Found mod file "melody_neoforge_1.0.10_MC_1.21.jar" [locator: {mods folder locator at F:\Yggdrasil2.0.0\rahs-yggdrasil\mods}, reader: mod manifest]
[27dez.2025 17:08:41.244] [main/INFO] [net.neoforged.fml.loading.moddiscovery.ModDiscoverer/SCAN]: Found mod file "modelfix-1.21-1.10.jar" [locator: {mods folder locator at F:\Yggdrasil2.0.0\rahs-yggdrasil\mods}, reader: mod manifest]
[27dez.2025 17:08:41.252] [main/INFO] [net.neoforged.fml.loading.moddiscovery.ModDiscoverer/SCAN]: Found mod file "modernfix-neoforge-5.25.1+mc1.21.1.jar" [locator: {mods folder locator at F:\Yggdrasil2.0.0\rahs-yggdrasil\mods}, reader: mod manifest]
[27dez.2025 17:08:41.262] [main/INFO] [net.neoforged.fml.loading.moddiscovery.ModDiscoverer/SCAN]: Found mod file "modpack-update-checker-1.21.1-neoforge-0.15.6.jar" [locator: {mods folder locator at F:\Yggdrasil2.0.0\rahs-yggdrasil\mods}, reader: mod manifest]
[27dez.2025 17:08:41.294] [main/INFO] [net.neoforged.fml.loading.moddiscovery.ModDiscoverer/SCAN]: Found mod file "moreculling-neoforge-1.21.1-1.0.6.jar" [locator: {mods folder locator at F:\Yggdrasil2.0.0\rahs-yggdrasil\mods}, reader: mod manifest]
[27dez.2025 17:08:41.303] [main/INFO] [net.neoforged.fml.loading.moddiscovery.ModDiscoverer/SCAN]: Found mod file "Placebo-1.21.1-9.9.1.jar" [locator: {mods folder locator at F:\Yggdrasil2.0.0\rahs-yggdrasil\mods}, reader: mod manifest]
[27dez.2025 17:08:41.307] [main/INFO] [net.neoforged.fml.loading.moddiscovery.ModDiscoverer/SCAN]: Found mod file "rhino-2101.2.7-build.81.jar" [locator: {mods folder locator at F:\Yggdrasil2.0.0\rahs-yggdrasil\mods}, reader: mod manifest]
[27dez.2025 17:08:41.312] [main/INFO] [net.neoforged.fml.loading.moddiscovery.ModDiscoverer/SCAN]: Found mod file "SmoothBoot-NeoForge+1.21-1.0.0.jar" [locator: {mods folder locator at F:\Yggdrasil2.0.0\rahs-yggdrasil\mods}, reader: mod manifest]
[27dez.2025 17:08:41.317] [main/INFO] [net.neoforged.fml.loading.moddiscovery.ModDiscoverer/SCAN]: Found mod file "sodium-neoforge-0.6.13+mc1.21.1.jar" [locator: {mods folder locator at F:\Yggdrasil2.0.0\rahs-yggdrasil\mods}, reader: mod manifest]
[27dez.2025 17:08:41.322] [main/INFO] [net.neoforged.fml.loading.moddiscovery.ModDiscoverer/SCAN]: Found mod file "sodiumleafculling-neoforge-1.0.1-1.21.1.jar" [locator: {mods folder locator at F:\Yggdrasil2.0.0\rahs-yggdrasil\mods}, reader: mod manifest]
[27dez.2025 17:08:41.329] [main/INFO] [net.neoforged.fml.loading.moddiscovery.ModDiscoverer/SCAN]: Found mod file "spark-1.10.124-neoforge.jar" [locator: {mods folder locator at F:\Yggdrasil2.0.0\rahs-yggdrasil\mods}, reader: mod manifest]
[27dez.2025 17:08:42.053] [main/WARN] [net.neoforged.jarjar.selection.JarSelector/]: Attempted to select two dependency jars from JarJar which have the same identification: Nested Mod File  in Mod File: F:\Yggdrasil2.0.0\rahs-yggdrasil\mods\moreculling-neoforge-1.21.1-1.0.6.jar and Nested Mod File  in Mod File: F:\Yggdrasil2.0.0\rahs-yggdrasil\mods\moreculling-neoforge-1.21.1-1.0.6.jar. Using Nested Mod File  in Mod File: F:\Yggdrasil2.0.0\rahs-yggdrasil\mods\moreculling-neoforge-1.21.1-1.0.6.jar
[27dez.2025 17:08:42.054] [main/INFO] [net.neoforged.fml.loading.moddiscovery.locators.JarInJarDependencyLocator/]: Found 25 dependencies adding them to mods collection
[27dez.2025 17:08:42.055] [main/INFO] [net.neoforged.fml.loading.moddiscovery.ModDiscoverer/SCAN]: Found gamelibrary file "mixinextras-neoforge-0.5.0.jar" [parent: kubejstweaks-1.0.5.jar, locator: jarinjar, reader: mod manifest]
[27dez.2025 17:08:42.055] [main/INFO] [net.neoforged.fml.loading.moddiscovery.ModDiscoverer/SCAN]: Found mod file "fabric-api-base-0.4.42+d1308ded19.jar" [parent: iris-neoforge-1.8.12+mc1.21.1.jar, locator: jarinjar, reader: mod manifest]
[27dez.2025 17:08:42.055] [main/INFO] [net.neoforged.fml.loading.moddiscovery.ModDiscoverer/SCAN]: Found mod file "fabric-renderer-api-v1-3.4.0+acb05a3919.jar" [parent: iris-neoforge-1.8.12+mc1.21.1.jar, locator: jarinjar, reader: mod manifest]
[27dez.2025 17:08:42.055] [main/INFO] [net.neoforged.fml.loading.moddiscovery.ModDiscoverer/SCAN]: Found library file "net.caffeinemc.sodium-neoforge-0.6.13+mc1.21.1-service.jar" [parent: sodium-neoforge-0.6.13+mc1.21.1.jar, locator: jarinjar, reader: mod manifest]
[27dez.2025 17:08:42.055] [main/INFO] [net.neoforged.fml.loading.moddiscovery.ModDiscoverer/SCAN]: Found library file "sewlia-config-1.0.0-20250810.044244-13.jar" [parent: krypton_fnp-neoforge-1.21.1-0.2.27-1.21.1.jar, locator: jarinjar]
[27dez.2025 17:08:42.055] [main/INFO] [net.neoforged.fml.loading.moddiscovery.ModDiscoverer/SCAN]: Found mod file "Ponder-NeoForge-1.21.1-1.0.64.jar" [parent: create-1.21.1-6.0.8.jar, locator: jarinjar, reader: mod manifest]
[27dez.2025 17:08:42.055] [main/INFO] [net.neoforged.fml.loading.moddiscovery.ModDiscoverer/SCAN]: Found mod file "conditional-mixin-neoforge-0.6.3.jar" [parent: moreculling-neoforge-1.21.1-1.0.6.jar, locator: jarinjar, reader: mod manifest]
[27dez.2025 17:08:42.055] [main/INFO] [net.neoforged.fml.loading.moddiscovery.ModDiscoverer/SCAN]: Found library file "net.neoforged.neoforge-coremods-21.1.217.jar" [parent: neoforge-21.1.217-universal.jar, locator: jarinjar, reader: mod manifest]
[27dez.2025 17:08:42.055] [main/INFO] [net.neoforged.fml.loading.moddiscovery.ModDiscoverer/SCAN]: Found mod file "TRansition-1.0.11-1.21.1-neoforge-SNAPSHOT.jar" [parent: entityculling-neoforge-1.9.4-mc1.21.1.jar, locator: jarinjar, reader: mod manifest]
[27dez.2025 17:08:42.055] [main/INFO] [net.neoforged.fml.loading.moddiscovery.ModDiscoverer/SCAN]: Found library file "Reflect-1.6.1+curseforge.jar" [parent: ImmediatelyFast-NeoForge-1.6.9+1.21.1(1).jar, locator: jarinjar]
[27dez.2025 17:08:42.055] [main/INFO] [net.neoforged.fml.loading.moddiscovery.ModDiscoverer/SCAN]: Found gamelibrary file "mixinsquared-neoforge-0.3.3.jar" [parent: kubejstweaks-1.0.5.jar, locator: jarinjar, reader: mod manifest]
[27dez.2025 17:08:42.055] [main/INFO] [net.neoforged.fml.loading.moddiscovery.ModDiscoverer/SCAN]: Found mod file "fabric-rendering-data-attachment-v1-0.3.48+73761d2e19.jar" [parent: iris-neoforge-1.8.12+mc1.21.1.jar, locator: jarinjar, reader: mod manifest]
[27dez.2025 17:08:42.055] [main/INFO] [net.neoforged.fml.loading.moddiscovery.ModDiscoverer/SCAN]: Found library file "MixinSquared-0.3.3.jar" [parent: mixinsquared-neoforge-0.3.3.jar, locator: jarinjar]
[27dez.2025 17:08:42.056] [main/INFO] [net.neoforged.fml.loading.moddiscovery.ModDiscoverer/SCAN]: Found library file "jcpp-1.4.14.jar" [parent: iris-neoforge-1.8.12+mc1.21.1.jar, locator: jarinjar]
[27dez.2025 17:08:42.056] [main/INFO] [net.neoforged.fml.loading.moddiscovery.ModDiscoverer/SCAN]: Found library file "animated-gif-lib-for-java-animated-gif-lib-1.7.jar" [parent: fancymenu_neoforge_3.8.1_MC_1.21.1.jar, locator: jarinjar]
[27dez.2025 17:08:42.056] [main/INFO] [net.neoforged.fml.loading.moddiscovery.ModDiscoverer/SCAN]: Found mod file "TRender-1.0.10-1.21.1-neoforge-SNAPSHOT.jar" [parent: entityculling-neoforge-1.9.4-mc1.21.1.jar, locator: jarinjar, reader: mod manifest]
[27dez.2025 17:08:42.056] [main/INFO] [net.neoforged.fml.loading.moddiscovery.ModDiscoverer/SCAN]: Found gamelibrary file "Registrate-MC1.21-1.3.0+67.jar" [parent: create-1.21.1-6.0.8.jar, locator: jarinjar, reader: mod manifest]
[27dez.2025 17:08:42.056] [main/INFO] [net.neoforged.fml.loading.moddiscovery.ModDiscoverer/SCAN]: Found library file "japng-0.5.3.jar" [parent: fancymenu_neoforge_3.8.1_MC_1.21.1.jar, locator: jarinjar]
[27dez.2025 17:08:42.056] [main/INFO] [net.neoforged.fml.loading.moddiscovery.ModDiscoverer/SCAN]: Found mod file "flywheel-neoforge-1.21.1-1.0.5.jar" [parent: create-1.21.1-6.0.8.jar, locator: jarinjar, reader: mod manifest]
[27dez.2025 17:08:42.056] [main/INFO] [net.neoforged.fml.loading.moddiscovery.ModDiscoverer/SCAN]: Found library file "tiny-java-server-1.0.0-build.33.jar" [parent: kubejs-neoforge-2101.7.2-build.348.jar, locator: jarinjar]
[27dez.2025 17:08:42.056] [main/INFO] [net.neoforged.fml.loading.moddiscovery.ModDiscoverer/SCAN]: Found library file "velocity-native-3.4.0-SNAPSHOT.jar" [parent: krypton_fnp-neoforge-1.21.1-0.2.27-1.21.1.jar, locator: jarinjar]
[27dez.2025 17:08:42.056] [main/INFO] [net.neoforged.fml.loading.moddiscovery.ModDiscoverer/SCAN]: Found mod file "1.21-neo-0.1.2.jar" [parent: modpack-update-checker-1.21.1-neoforge-0.15.6.jar, locator: jarinjar, reader: mod manifest]
[27dez.2025 17:08:42.056] [main/INFO] [net.neoforged.fml.loading.moddiscovery.ModDiscoverer/SCAN]: Found library file "snakeyaml-2.4.jar" [parent: krypton_fnp-neoforge-1.21.1-0.2.27-1.21.1.jar, locator: jarinjar]
[27dez.2025 17:08:42.056] [main/INFO] [net.neoforged.fml.loading.moddiscovery.ModDiscoverer/SCAN]: Found library file "glsl-transformer-2.0.1.jar" [parent: iris-neoforge-1.8.12+mc1.21.1.jar, locator: jarinjar]
[27dez.2025 17:08:42.056] [main/INFO] [net.neoforged.fml.loading.moddiscovery.ModDiscoverer/SCAN]: Found mod file "fabric-block-view-api-v2-1.0.10+9afaaf8c19.jar" [parent: iris-neoforge-1.8.12+mc1.21.1.jar, locator: jarinjar, reader: mod manifest]
[27dez.2025 17:08:42.060] [main/INFO] [net.neoforged.fml.loading.moddiscovery.ModDiscoverer/]: 
     Mod List:
		Name Version (Mod Id)

		AchievementOptimizer 2.1.0 (achiopt)
		All The Leaks 1.1.4+1.21.1-neoforge (alltheleaks)
		Almanac 1.5.0 (almanac)
		Architectury 13.0.8 (architectury)
		BadOptimizations 2.4.1 (badoptimizations)
		Better Compatibility Checker 21.1.7 (bcc)
		Catalogue 1.11.2 (catalogue)
		Chloride 1.7.5 (chloride)
		Cloth Config v15 API 15.0.140 (cloth_config)
		Colorwheel 1.1.1+mc1.21.1 (colorwheel)
		conditional mixin 0.6.3 (conditional_mixin)
		Configured 2.6.3 (configured)
		Create 6.0.8 (create)
		Curios API 9.5.1+1.21.1 (curios)
		Drippy Loading Screen 3.1.0 (drippyloadingscreen)
		EntityCulling 1.9.4 (entityculling)
		Fancy Entity Renderer 0.4.2 (fancy_entity_renderer)
		FancyMenu 3.8.1 (fancymenu)
		Fast IP Ping 1.0.8 (fastipping)
		Fast Suite 6.0.5 (fastsuite)
		Fast Workbench 9.1.3 (fastbench)
		FastBoot 1.3.0 (fastboot)
		FastFurnace 9.0.1 (fastfurnace)
		Ferrite Core 7.0.2 (ferritecore)
		Flywheel 1.0.5 (flywheel)
		Forgified Fabric API Base 0.4.42+d1308ded19 (fabric_api_base)
		Forgified Fabric BlockView API (v2) 1.0.10+9afaaf8c19 (fabric_block_view_api_v2)
		Forgified Fabric Renderer API (v1) 3.4.0+acb05a3919 (fabric_renderer_api_v1)
		Forgified Fabric Rendering Data Attachment (v1) 0.3.48+73761d2e19 (fabric_rendering_data_attachment_v1)
		ImmediatelyFast 1.6.9+1.21.1 (immediatelyfast)
		Iris 1.8.12-snapshot+mc1.21.1-local (iris)
		Konkrete 1.9.9 (konkrete)
		Krypton FNP 0.2.27-1.21.1 (krypton_fnp)
		KubeJS 2101.7.2-build.348 (kubejs)
		KubeJS Tweaks 1.0.5 (kubejstweaks)
		L_Ender's Cataclysm 1.21.1 3.16 (cataclysm)
		Let Me Despawn 1.5.0 (letmedespawn)
		lionfishapi 2.6 (lionfishapi)
		MCEF (Minecraft Chromium Embedded Framework) 2.1.6-1.21.1 (mcef)
		Melody 1.0.10 (melody)
		Minecraft 1.21.1 (minecraft)
		Model Gap Fix 1.21-1.10 (modelfix)
		ModernFix 5.25.1+mc1.21.1 (modernfix)
		Modpack Update Checker 0.15.6 (modpackupdatechecker)
		More Culling 1.0.6 (moreculling)
		MPUC lavender-md 0.1.2 (mpuc_lavendermd)
		NeoForge 21.1.217 (neoforge)
		Placebo 9.9.1 (placebo)
		Ponder 1.0.64 (ponder)
		Rhino 2101.2.7-build.81 (rhino)
		Smooth Boot 1.0.0 (smoothboot)
		Sodium 0.6.13+mc1.21.1 (sodium)
		Sodium Leaf Culling 1.0.1 (sodiumleafculling)
		spark 1.10.124 (spark)
		TRansition 1.0.11 (transition)
		TRender 1.0.10 (trender)
[27dez.2025 17:08:43.176] [main/INFO] [mixin/]: Compatibility level set to JAVA_17
[27dez.2025 17:08:43.179] [main/INFO] [mixin/]: Compatibility level set to JAVA_21
[27dez.2025 17:08:43.664] [main/INFO] [cpw.mods.modlauncher.LaunchServiceHandler/MODLAUNCHER]: Launching target 'forgeclient' with arguments [--version, neoforge-21.1.217, --gameDir, F:\Yggdrasil2.0.0\rahs-yggdrasil, --assetsDir, C:\Users\digod\AppData\Roaming\.minecraft\assets, --uuid, a4ca2cd8267a3293a38d280127820d62, --username, Zelador__, --assetIndex, 17, --accessToken, ❄❄❄❄❄❄❄❄, --clientId, 0, --xuid, 0, --userType, msa, --versionType, release, --width, 854, --height, 480]
[27dez.2025 17:08:44.067] [main/WARN] [mixin/]: Reference map 'mcef.refmap.json' for mcef.mixins.json could not be read. If this is a development environment you can ignore this message
[27dez.2025 17:08:44.114] [main/INFO] [KubeJS Tweaks/]: Conditional Mixin dev.uncandango.kubejstweaks.mixin.core.main.NativeJavaMapMixin will be loaded as it matches versions: 2101.2.7-build.81 in [2101.2.7-build.74,2101.2.7-build.81]
[27dez.2025 17:08:44.157] [main/INFO] [KubeJS Tweaks/]: Conditional Mixin dev.uncandango.kubejstweaks.mixin.core.main.ContextFactoryMixin will be loaded as it matches versions: 2101.2.7-build.81 in [2101.2.7-build.74,2101.2.7-build.81]
[27dez.2025 17:08:44.157] [main/INFO] [KubeJS Tweaks/]: Conditional Mixin dev.uncandango.kubejstweaks.kubejs.kjs72.mixin.core.main.ServerPackMixin will be loaded as it matches versions: 2101.7.2-build.348 in [2101.7.2,2101.7.3)
[27dez.2025 17:08:44.158] [main/INFO] [KubeJS Tweaks/]: Conditional Mixin dev.uncandango.kubejstweaks.kubejs.kjs72.mixin.core.main.RecipesKubeEventMixin will be loaded as it matches versions: 2101.7.2-build.348 in [2101.7.2,2101.7.3)
[27dez.2025 17:08:44.158] [main/INFO] [KubeJS Tweaks/]: Conditional Mixin dev.uncandango.kubejstweaks.kubejs.kjs72.mixin.core.main.RecipeSchemaStorageMixin will be loaded as it matches versions: 2101.7.2-build.348 in [2101.7.2,2101.7.3)
[27dez.2025 17:08:44.158] [main/INFO] [KubeJS Tweaks/]: Conditional Mixin dev.uncandango.kubejstweaks.kubejs.kjs72.mixin.core.main.RecipeManagerMixin will be loaded as it matches versions: 2101.7.2-build.348 in [2101.7.2,2101.7.3)
[27dez.2025 17:08:44.158] [main/INFO] [KubeJS Tweaks/]: Conditional Mixin dev.uncandango.kubejstweaks.kubejs.kjs72.mixin.core.main.KubeRecipeMixin will be loaded as it matches versions: 2101.7.2-build.348 in [2101.7.2,2101.7.3)
[27dez.2025 17:08:44.159] [main/INFO] [KubeJS Tweaks/]: Conditional Mixin dev.uncandango.kubejstweaks.kubejs.kjs72.mixin.core.main.JsonRecipeSchemaLoaderMixin2 will be loaded as it matches versions: 2101.7.2-build.348 in [2101.7.2,2101.7.3)
[27dez.2025 17:08:44.159] [main/INFO] [KubeJS Tweaks/]: Conditional Mixin dev.uncandango.kubejstweaks.kubejs.kjs72.mixin.core.main.JsonRecipeSchemaLoaderMixin will be loaded as it matches versions: 2101.7.2-build.348 in [2101.7.2,2101.7.3)
[27dez.2025 17:08:44.160] [main/INFO] [KubeJS Tweaks/]: Conditional Mixin dev.uncandango.kubejstweaks.kubejs.kjs72.mixin.core.main.ClientAssetPacksMixin will be loaded as it matches versions: 2101.7.2-build.348 in [2101.7.2,2101.7.3)
[27dez.2025 17:08:44.165] [main/INFO] [KubeJS Tweaks/]: Conditional Mixin dev.uncandango.kubejstweaks.mixin.core.main.NativeJavaMapMixin will be loaded as it matches versions: 2101.2.7-build.81 in [2101.2.7-build.74,2101.2.7-build.81]
[27dez.2025 17:08:44.165] [main/INFO] [KubeJS Tweaks/]: Conditional Mixin dev.uncandango.kubejstweaks.mixin.core.main.ContextFactoryMixin will be loaded as it matches versions: 2101.2.7-build.81 in [2101.2.7-build.74,2101.2.7-build.81]
[27dez.2025 17:08:44.166] [main/INFO] [KubeJS Tweaks/]: Conditional Mixin dev.uncandango.kubejstweaks.kubejs.kjs72.mixin.core.main.ServerPackMixin will be loaded as it matches versions: 2101.7.2-build.348 in [2101.7.2,2101.7.3)
[27dez.2025 17:08:44.166] [main/INFO] [KubeJS Tweaks/]: Conditional Mixin dev.uncandango.kubejstweaks.kubejs.kjs72.mixin.core.main.RecipesKubeEventMixin will be loaded as it matches versions: 2101.7.2-build.348 in [2101.7.2,2101.7.3)
[27dez.2025 17:08:44.166] [main/INFO] [KubeJS Tweaks/]: Conditional Mixin dev.uncandango.kubejstweaks.kubejs.kjs72.mixin.core.main.RecipeSchemaStorageMixin will be loaded as it matches versions: 2101.7.2-build.348 in [2101.7.2,2101.7.3)
[27dez.2025 17:08:44.167] [main/INFO] [KubeJS Tweaks/]: Conditional Mixin dev.uncandango.kubejstweaks.kubejs.kjs72.mixin.core.main.RecipeManagerMixin will be loaded as it matches versions: 2101.7.2-build.348 in [2101.7.2,2101.7.3)
[27dez.2025 17:08:44.167] [main/INFO] [KubeJS Tweaks/]: Conditional Mixin dev.uncandango.kubejstweaks.kubejs.kjs72.mixin.core.main.KubeRecipeMixin will be loaded as it matches versions: 2101.7.2-build.348 in [2101.7.2,2101.7.3)
[27dez.2025 17:08:44.167] [main/INFO] [KubeJS Tweaks/]: Conditional Mixin dev.uncandango.kubejstweaks.kubejs.kjs72.mixin.core.main.JsonRecipeSchemaLoaderMixin2 will be loaded as it matches versions: 2101.7.2-build.348 in [2101.7.2,2101.7.3)
[27dez.2025 17:08:44.167] [main/INFO] [KubeJS Tweaks/]: Conditional Mixin dev.uncandango.kubejstweaks.kubejs.kjs72.mixin.core.main.JsonRecipeSchemaLoaderMixin will be loaded as it matches versions: 2101.7.2-build.348 in [2101.7.2,2101.7.3)
[27dez.2025 17:08:44.167] [main/INFO] [KubeJS Tweaks/]: Conditional Mixin dev.uncandango.kubejstweaks.kubejs.kjs72.mixin.core.main.ClientAssetPacksMixin will be loaded as it matches versions: 2101.7.2-build.348 in [2101.7.2,2101.7.3)
[27dez.2025 17:08:44.170] [main/INFO] [KubeJS Tweaks/]: Conditional Mixin dev.uncandango.kubejstweaks.mixin.core.main.NativeJavaMapMixin will be loaded as it matches versions: 2101.2.7-build.81 in [2101.2.7-build.74,2101.2.7-build.81]
[27dez.2025 17:08:44.170] [main/INFO] [KubeJS Tweaks/]: Conditional Mixin dev.uncandango.kubejstweaks.mixin.core.main.ContextFactoryMixin will be loaded as it matches versions: 2101.2.7-build.81 in [2101.2.7-build.74,2101.2.7-build.81]
[27dez.2025 17:08:44.170] [main/INFO] [KubeJS Tweaks/]: Conditional Mixin dev.uncandango.kubejstweaks.kubejs.kjs72.mixin.core.main.ServerPackMixin will be loaded as it matches versions: 2101.7.2-build.348 in [2101.7.2,2101.7.3)
[27dez.2025 17:08:44.171] [main/INFO] [KubeJS Tweaks/]: Conditional Mixin dev.uncandango.kubejstweaks.kubejs.kjs72.mixin.core.main.RecipesKubeEventMixin will be loaded as it matches versions: 2101.7.2-build.348 in [2101.7.2,2101.7.3)
[27dez.2025 17:08:44.171] [main/INFO] [KubeJS Tweaks/]: Conditional Mixin dev.uncandango.kubejstweaks.kubejs.kjs72.mixin.core.main.RecipeSchemaStorageMixin will be loaded as it matches versions: 2101.7.2-build.348 in [2101.7.2,2101.7.3)
[27dez.2025 17:08:44.171] [main/INFO] [KubeJS Tweaks/]: Conditional Mixin dev.uncandango.kubejstweaks.kubejs.kjs72.mixin.core.main.RecipeManagerMixin will be loaded as it matches versions: 2101.7.2-build.348 in [2101.7.2,2101.7.3)
[27dez.2025 17:08:44.171] [main/INFO] [KubeJS Tweaks/]: Conditional Mixin dev.uncandango.kubejstweaks.kubejs.kjs72.mixin.core.main.KubeRecipeMixin will be loaded as it matches versions: 2101.7.2-build.348 in [2101.7.2,2101.7.3)
[27dez.2025 17:08:44.171] [main/INFO] [KubeJS Tweaks/]: Conditional Mixin dev.uncandango.kubejstweaks.kubejs.kjs72.mixin.core.main.JsonRecipeSchemaLoaderMixin2 will be loaded as it matches versions: 2101.7.2-build.348 in [2101.7.2,2101.7.3)
[27dez.2025 17:08:44.171] [main/INFO] [KubeJS Tweaks/]: Conditional Mixin dev.uncandango.kubejstweaks.kubejs.kjs72.mixin.core.main.JsonRecipeSchemaLoaderMixin will be loaded as it matches versions: 2101.7.2-build.348 in [2101.7.2,2101.7.3)
[27dez.2025 17:08:44.172] [main/INFO] [KubeJS Tweaks/]: Conditional Mixin dev.uncandango.kubejstweaks.kubejs.kjs72.mixin.core.main.ClientAssetPacksMixin will be loaded as it matches versions: 2101.7.2-build.348 in [2101.7.2,2101.7.3)
[27dez.2025 17:08:44.174] [main/WARN] [mixin/]: Reference map 'fancy_entity_renderer.refmap.json' for fancy_entity_renderer.mixins.json could not be read. If this is a development environment you can ignore this message
[27dez.2025 17:08:44.181] [main/WARN] [mixin/]: Reference map 'placebo.refmap.json' for placebo.mixins.json could not be read. If this is a development environment you can ignore this message
[27dez.2025 17:08:44.181] [main/WARN] [mixin/]: Reference map 'fastsuite.refmap.json' for fastsuite.mixins.json could not be read. If this is a development environment you can ignore this message
[27dez.2025 17:08:44.587] [main/INFO] [ModernFix/]: Loaded configuration file for ModernFix 5.25.1+mc1.21.1: 79 options available, 1 override(s) found
[27dez.2025 17:08:44.589] [main/WARN] [ModernFix/]: Option 'mixin.perf.thread_priorities' overriden (by mods [smoothboot]) to 'false'
[27dez.2025 17:08:44.590] [main/INFO] [ModernFix/]: Applying Nashorn fix
[27dez.2025 17:08:45.018] [main/INFO] [one.pkg.config.SewliaConfig/]: All configurations saved
[27dez.2025 17:08:45.083] [main/INFO] [one.pkg.config.SewliaConfig/]: Reloaded configuration: ModConfig
[27dez.2025 17:08:45.083] [main/INFO] [one.pkg.config.SewliaConfig/]: Successfully initialized configuration manager, loaded 1 configuration classes
[27dez.2025 17:08:45.084] [main/WARN] [mixin/]: Reference map 'krypton_fnp.refmap.json' for krypton_fnp.mixins.json could not be read. If this is a development environment you can ignore this message
[27dez.2025 17:08:45.085] [main/WARN] [mixin/]: Reference map 'iris.refmap.json' for mixins.iris.json could not be read. If this is a development environment you can ignore this message
[27dez.2025 17:08:45.086] [main/WARN] [mixin/]: Reference map 'iris.refmap.json' for mixins.iris.fantastic.json could not be read. If this is a development environment you can ignore this message
[27dez.2025 17:08:45.086] [main/WARN] [mixin/]: Reference map 'iris.refmap.json' for mixins.iris.vertexformat.json could not be read. If this is a development environment you can ignore this message
[27dez.2025 17:08:45.086] [main/WARN] [mixin/]: Reference map 'iris.refmap.json' for iris-batched-entity-rendering.mixins.json could not be read. If this is a development environment you can ignore this message
[27dez.2025 17:08:45.087] [main/WARN] [mixin/]: Reference map 'iris.refmap.json' for mixins.iris.compat.sodium.json could not be read. If this is a development environment you can ignore this message
[27dez.2025 17:08:45.101] [main/INFO] [Sodium/]: Loaded configuration file for Sodium: 43 options available, 1 override(s) found
[27dez.2025 17:08:45.103] [main/WARN] [mixin/]: Reference map 'chloride.mixin-refmap.json' for chloride.mixin.json could not be read. If this is a development environment you can ignore this message
[27dez.2025 17:08:45.104] [main/WARN] [mixin/]: Reference map 'melody.refmap.json' for melody.mixins.json could not be read. If this is a development environment you can ignore this message
[27dez.2025 17:08:45.104] [main/WARN] [mixin/]: Reference map 'melody.refmap.json' for melody.neoforge.mixins.json could not be read. If this is a development environment you can ignore this message
[27dez.2025 17:08:45.106] [main/WARN] [mixin/]: Reference map 'konkrete.refmap.json' for konkrete.mixins.json could not be read. If this is a development environment you can ignore this message
[27dez.2025 17:08:45.107] [main/WARN] [mixin/]: Reference map 'konkrete.refmap.json' for konkrete.neoforge.mixins.json could not be read. If this is a development environment you can ignore this message
[27dez.2025 17:08:45.108] [main/WARN] [mixin/]: Reference map 'drippyloadingscreen.refmap.json' for drippyloadingscreen.mixins.json could not be read. If this is a development environment you can ignore this message
[27dez.2025 17:08:45.108] [main/WARN] [mixin/]: Reference map 'drippyloadingscreen.refmap.json' for drippyloadingscreen.neoforge.mixins.json could not be read. If this is a development environment you can ignore this message
[27dez.2025 17:08:45.110] [main/WARN] [mixin/]: Reference map 'bcc.refmap.json' for bcc.mixins.json could not be read. If this is a development environment you can ignore this message
[27dez.2025 17:08:45.214] [main/WARN] [mixin/]: Reference map 'lionfishapi.refmap.json' for lionfishapi.mixins.json could not be read. If this is a development environment you can ignore this message
[27dez.2025 17:08:45.215] [main/WARN] [mixin/]: Reference map 'cataclysm.refmap.json' for cataclysm.mixins.json could not be read. If this is a development environment you can ignore this message
[27dez.2025 17:08:45.216] [main/WARN] [mixin/]: Reference map 'curios.refmap.json' for curios.neoforge.mixins.json could not be read. If this is a development environment you can ignore this message
[27dez.2025 17:08:45.216] [main/WARN] [mixin/]: Reference map 'curios.refmap.json' for curios.mixins.json could not be read. If this is a development environment you can ignore this message
[27dez.2025 17:08:45.216] [main/WARN] [mixin/]: Reference map 'fastbench.refmap.json' for fastbench.mixins.json could not be read. If this is a development environment you can ignore this message
[27dez.2025 17:08:45.217] [main/WARN] [mixin/]: Reference map 'entityculling.refmap.mixins.json' for entityculling.mixins.json could not be read. If this is a development environment you can ignore this message
[27dez.2025 17:08:45.227] [main/WARN] [mixin/]: Reference map 'moreculling.refmap.json' for moreculling.mixins.json could not be read. If this is a development environment you can ignore this message
[27dez.2025 17:08:45.230] [main/WARN] [mixin/]: Reference map 'fancymenu.refmap.json' for fancymenu.mixins.json could not be read. If this is a development environment you can ignore this message
[27dez.2025 17:08:45.231] [main/WARN] [mixin/]: Reference map 'fancymenu.refmap.json' for fancymenu.neoforge.mixins.json could not be read. If this is a development environment you can ignore this message
[27dez.2025 17:08:45.337] [main/WARN] [mixin/]: Reference map 'fastfurnace.refmap.json' for fastfurnace.mixins.json could not be read. If this is a development environment you can ignore this message
[27dez.2025 17:08:45.364] [main/WARN] [mixin/]: Reference map '${refmap_target}refmap.json' for ferritecore.predicates.mixin.json could not be read. If this is a development environment you can ignore this message
[27dez.2025 17:08:45.461] [main/WARN] [mixin/]: Reference map '${refmap_target}refmap.json' for ferritecore.fastmap.mixin.json could not be read. If this is a development environment you can ignore this message
[27dez.2025 17:08:45.487] [main/WARN] [mixin/]: Reference map '${refmap_target}refmap.json' for ferritecore.mrl.mixin.json could not be read. If this is a development environment you can ignore this message
[27dez.2025 17:08:45.491] [main/WARN] [mixin/]: Reference map '${refmap_target}refmap.json' for ferritecore.dedupmultipart.mixin.json could not be read. If this is a development environment you can ignore this message
[27dez.2025 17:08:45.493] [main/WARN] [mixin/]: Reference map '${refmap_target}refmap.json' for ferritecore.blockstatecache.mixin.json could not be read. If this is a development environment you can ignore this message
[27dez.2025 17:08:45.497] [main/WARN] [mixin/]: Reference map '${refmap_target}refmap.json' for ferritecore.dedupbakedquad.mixin.json could not be read. If this is a development environment you can ignore this message
[27dez.2025 17:08:45.498] [main/WARN] [mixin/]: Reference map '${refmap_target}refmap.json' for ferritecore.threaddetec.mixin.json could not be read. If this is a development environment you can ignore this message
[27dez.2025 17:08:45.499] [main/WARN] [mixin/]: Reference map '${refmap_target}refmap.json' for ferritecore.modelsides.mixin.json could not be read. If this is a development environment you can ignore this message
[27dez.2025 17:08:45.499] [main/WARN] [mixin/]: Reference map '${refmap_target}refmap.json' for ferritecore.accessors.mixin.json could not be read. If this is a development environment you can ignore this message
[27dez.2025 17:08:45.533] [main/INFO] [BadOptimizations/]: Config version: 6
[27dez.2025 17:08:45.533] [main/INFO] [BadOptimizations/]: BadOptimizations config dump:
[27dez.2025 17:08:45.534] [main/INFO] [BadOptimizations/]: enable_toast_optimizations: true
[27dez.2025 17:08:45.534] [main/INFO] [BadOptimizations/]: ignore_mod_incompatibilities: false
[27dez.2025 17:08:45.534] [main/INFO] [BadOptimizations/]: lightmap_time_change_needed_for_update: 80
[27dez.2025 17:08:45.534] [main/INFO] [BadOptimizations/]: enable_lightmap_caching: true
[27dez.2025 17:08:45.534] [main/INFO] [BadOptimizations/]: enable_particle_manager_optimization: true
[27dez.2025 17:08:45.534] [main/INFO] [BadOptimizations/]: enable_entity_renderer_caching: true
[27dez.2025 17:08:45.534] [main/INFO] [BadOptimizations/]: log_config: true
[27dez.2025 17:08:45.534] [main/INFO] [BadOptimizations/]: enable_remove_redundant_fov_calculations: true
[27dez.2025 17:08:45.534] [main/INFO] [BadOptimizations/]: config_version: 6
[27dez.2025 17:08:45.534] [main/INFO] [BadOptimizations/]: enable_sky_angle_caching_in_worldrenderer: true
[27dez.2025 17:08:45.534] [main/INFO] [BadOptimizations/]: enable_block_entity_renderer_caching: true
[27dez.2025 17:08:45.534] [main/INFO] [BadOptimizations/]: skycolor_time_change_needed_for_update: 3
[27dez.2025 17:08:45.535] [main/INFO] [BadOptimizations/]: enable_entity_flag_caching: true
[27dez.2025 17:08:45.535] [main/INFO] [BadOptimizations/]: ignore_mod_cache_hooks: false
[27dez.2025 17:08:45.535] [main/INFO] [BadOptimizations/]: enable_debug_renderer_disable_if_not_needed: true
[27dez.2025 17:08:45.535] [main/INFO] [BadOptimizations/]: enable_sky_color_caching: true
[27dez.2025 17:08:45.535] [main/INFO] [BadOptimizations/]: enable_remove_tutorial_if_not_demo: true
[27dez.2025 17:08:45.535] [main/INFO] [BadOptimizations/]: show_f3_text: true
[27dez.2025 17:08:46.082] [main/WARN] [mixin/]: Error loading class: net/mehvahdjukaar/moonlight/api/platform/neoforge/PlatHelperImpl (java.lang.ClassNotFoundException: net.mehvahdjukaar.moonlight.api.platform.neoforge.PlatHelperImpl)
[27dez.2025 17:08:46.083] [main/WARN] [mixin/]: @Mixin target net.mehvahdjukaar.moonlight.api.platform.neoforge.PlatHelperImpl was not found kubejstweaks.mixins.json:main.PlatHelperImplMixin from mod kubejstweaks
[27dez.2025 17:08:47.038] [main/INFO] [ModMixinBootstrap/]: Mixin one.pkg.mod.krypton_fnp.mixin.network.experimental.ServerLoginPacketListenerImplMixin enabled
[27dez.2025 17:08:47.039] [main/INFO] [ModMixinBootstrap/]: Mixin one.pkg.mod.krypton_fnp.mixin.network.experimental.VarLongMixin enabled
[27dez.2025 17:08:47.045] [main/INFO] [ModMixinBootstrap/]: Mixin one.pkg.mod.krypton_fnp.mixin.network.pipeline.encryption.ClientLoginMixin enabled
[27dez.2025 17:08:47.692] [main/WARN] [mixin/]: Error loading class: com/portingdeadmods/cable_facades/events/GameClientEvents$2 (java.lang.ClassNotFoundException: com.portingdeadmods.cable_facades.events.GameClientEvents$2)
[27dez.2025 17:08:47.704] [main/WARN] [mixin/]: Error loading class: com/direwolf20/justdirethings/client/renderers/OurRenderTypes (java.lang.ClassNotFoundException: com.direwolf20.justdirethings.client.renderers.OurRenderTypes)
[27dez.2025 17:08:47.707] [main/WARN] [mixin/]: Error loading class: mekanism/client/render/entity/RenderFlame (java.lang.ClassNotFoundException: mekanism.client.render.entity.RenderFlame)
[27dez.2025 17:08:47.709] [main/WARN] [mixin/]: Error loading class: mekanism/client/render/armor/MekaSuitArmor (java.lang.ClassNotFoundException: mekanism.client.render.armor.MekaSuitArmor)
[27dez.2025 17:08:47.711] [main/WARN] [mixin/]: Error loading class: mekanism/client/render/lib/effect/BillboardingEffectRenderer (java.lang.ClassNotFoundException: mekanism.client.render.lib.effect.BillboardingEffectRenderer)
[27dez.2025 17:08:47.721] [main/WARN] [mixin/]: Error loading class: blusunrize/immersiveengineering/client/utils/IEGLShaders (java.lang.ClassNotFoundException: blusunrize.immersiveengineering.client.utils.IEGLShaders)
[27dez.2025 17:08:47.753] [main/WARN] [Sodium/]: Force-disabling mixin 'features.render.world.sky.FogRendererMixin' as rule 'mixin.features.render.world.sky' (added by mods [iris]) disables it and children
[27dez.2025 17:08:47.754] [main/WARN] [Sodium/]: Force-disabling mixin 'features.render.world.sky.ClientLevelMixin' as rule 'mixin.features.render.world.sky' (added by mods [iris]) disables it and children
[27dez.2025 17:08:47.755] [main/WARN] [Sodium/]: Force-disabling mixin 'features.render.world.sky.LevelRendererMixin' as rule 'mixin.features.render.world.sky' (added by mods [iris]) disables it and children
[27dez.2025 17:08:47.881] [main/WARN] [mixin/]: Error loading class: dev/emi/emi/screen/EmiScreenManager (java.lang.ClassNotFoundException: dev.emi.emi.screen.EmiScreenManager)
[27dez.2025 17:08:47.884] [main/WARN] [mixin/]: Error loading class: mezz/jei/gui/overlay/IngredientListOverlay (java.lang.ClassNotFoundException: mezz.jei.gui.overlay.IngredientListOverlay)
[27dez.2025 17:08:47.887] [main/WARN] [mixin/]: Error loading class: me/shedaniel/rei/impl/client/gui/ScreenOverlayImpl (java.lang.ClassNotFoundException: me.shedaniel.rei.impl.client.gui.ScreenOverlayImpl)
[27dez.2025 17:08:47.982] [main/INFO] [AllTheLeaks/]: Class dev.uncandango.alltheleaks.leaks.common.mods.neoforge.Issue1487 will be loaded as it matches versions: 21.1.217 in [21.,)
[27dez.2025 17:08:47.982] [main/INFO] [AllTheLeaks/]: Mixins added to allowed list: [main.ServerPlayerMixin, main.PlayerListMixin, main.accessor.PlayerAdvancementsAccessor]
[27dez.2025 17:08:47.982] [main/INFO] [AllTheLeaks/]: Class dev.uncandango.alltheleaks.leaks.common.mods.neoforge.Issue1486 will be loaded as it matches versions: 21.1.217 in [21.,)
[27dez.2025 17:08:47.984] [main/INFO] [AllTheLeaks/]: Class dev.uncandango.alltheleaks.leaks.common.mods.minecraft.UntrackedIssue002 will be loaded as it matches versions: 1.21.1 in 1.21.1
[27dez.2025 17:08:47.984] [main/INFO] [AllTheLeaks/]: Class dev.uncandango.alltheleaks.leaks.common.mods.minecraft.UntrackedIssue001 will be loaded as it matches versions: 1.21.1 in 1.21.1
[27dez.2025 17:08:47.984] [main/INFO] [AllTheLeaks/]: Mixins added to allowed list: [main.EntityTickListMixin]
[27dez.2025 17:08:47.986] [main/INFO] [AllTheLeaks/]: Class dev.uncandango.alltheleaks.leaks.common.mods.curios.Issue22 will be loaded as it matches versions: 9.5.1+1.21.1 in [9.0.6,)
[27dez.2025 17:08:47.986] [main/INFO] [AllTheLeaks/]: Mixins added to allowed list: [main.CuriosEventHandlerMixin]
[27dez.2025 17:08:47.987] [main/INFO] [AllTheLeaks/]: Class dev.uncandango.alltheleaks.leaks.client.mods.neoforge.UntrackedIssue001 will be loaded as it matches versions: 21.1.217 in [21.,)
[27dez.2025 17:08:47.988] [main/INFO] [AllTheLeaks/]: Mixins added to allowed list: [main.MinecraftMixin2]
[27dez.2025 17:08:47.989] [main/INFO] [AllTheLeaks/]: Class dev.uncandango.alltheleaks.leaks.client.mods.minecraft.UntrackedIssue001 will be loaded as it matches versions: 1.21.1 in 1.21.1
[27dez.2025 17:08:47.989] [main/INFO] [AllTheLeaks/]: Mixins added to allowed list: [main.MinecraftMixin]
[27dez.2025 17:08:47.990] [main/INFO] [AllTheLeaks/]: Class dev.uncandango.alltheleaks.leaks.client.mods.lionfishapi.UntrackedIssue001 will be loaded as it matches versions: 2.6 in [2.6,)
[27dez.2025 17:08:47.990] [main/INFO] [AllTheLeaks/]: Mixins added to allowed list: [main.ModelAnimatorMixin]
[27dez.2025 17:08:48.001] [main/INFO] [AllTheLeaks/]: Class dev.uncandango.alltheleaks.feature.common.mods.minecraft.SaveWithLoadedChunks will be loaded as it matches versions: 1.21.1 in 1.21.1
[27dez.2025 17:08:48.002] [main/INFO] [AllTheLeaks/]: Class dev.uncandango.alltheleaks.feature.common.mods.minecraft.MemoryMonitor will be loaded as it matches versions: 1.21.1 in 1.21.1
[27dez.2025 17:08:48.002] [main/INFO] [AllTheLeaks/]: Mixins added to allowed list: [main.PlayerMixin, main.ChunkAccessMixin, main.LevelMixin, main.MinecraftServerMixin]
[27dez.2025 17:08:48.003] [main/INFO] [AllTheLeaks/]: Class dev.uncandango.alltheleaks.diag.common.mods.minecraft.LogSavedData will be loaded as it matches versions: 21.1.217 in [21.1,)
[27dez.2025 17:08:48.003] [main/INFO] [AllTheLeaks/]: Mixins added to allowed list: [main.SavedDataMixin]
[27dez.2025 17:08:48.083] [main/WARN] [mixin/]: Error loading class: vazkii/quark/addons/oddities/inventory/BackpackMenu (java.lang.ClassNotFoundException: vazkii.quark.addons.oddities.inventory.BackpackMenu)
[27dez.2025 17:08:48.341] [main/WARN] [mixin/]: Error loading class: xaero/map/gui/GuiMap (java.lang.ClassNotFoundException: xaero.map.gui.GuiMap)
[27dez.2025 17:08:48.341] [main/WARN] [mixin/]: @Mixin target xaero.map.gui.GuiMap was not found create.mixins.json:compat.xaeros.XaeroFullscreenMapAccessor from mod create
[27dez.2025 17:08:48.342] [main/WARN] [mixin/]: Error loading class: xaero/map/gui/GuiMap (java.lang.ClassNotFoundException: xaero.map.gui.GuiMap)
[27dez.2025 17:08:48.342] [main/WARN] [mixin/]: @Mixin target xaero.map.gui.GuiMap was not found create.mixins.json:compat.xaeros.XaeroFullscreenMapMixin from mod create
[27dez.2025 17:08:48.592] [main/WARN] [mixin/]: Error loading class: org/jetbrains/annotations/ApiStatus$ScheduledForRemoval (java.lang.ClassNotFoundException: org.jetbrains.annotations.ApiStatus$ScheduledForRemoval)
[27dez.2025 17:08:48.610] [main/INFO] [MixinExtras|Service/]: Initializing MixinExtras via com.llamalad7.mixinextras.service.MixinExtrasServiceImpl(version=0.5.0).
[27dez.2025 17:08:50.296] [main/WARN] [mixin/]: Static binding violation: PRIVATE @Overwrite method decoratedId in modernfix-neoforge.mixins.json:perf.tag_id_caching.TagOrElementLocationMixin from mod modernfix cannot reduce visibiliy of PUBLIC target method, visibility will be upgraded.
[27dez.2025 17:08:52.340] [pool-9-thread-1/INFO] [net.minecraft.server.Bootstrap/]: ModernFix reached bootstrap stage (16.82 s after launch)
[27dez.2025 17:08:54.044] [Datafixer Bootstrap/INFO] [com.mojang.datafixers.DataFixerBuilder/]: 229 Datafixer optimizations took 2277 milliseconds
[27dez.2025 17:08:54.121] [pool-9-thread-1/WARN] [mixin/]: Method overwrite conflict for skipRendering in chloride.mixin.json:leaves_culling.LeavesBlockMixin from mod chloride, previously written by net.caffeinemc.mods.sodium.mixin.features.options.render_layers.LeavesBlockMixin. Skipping method.
[27dez.2025 17:08:58.046] [pool-9-thread-1/INFO] [net.minecraft.server.Bootstrap/]: Vanilla bootstrap took 5705 milliseconds
[27dez.2025 17:08:58.448] [main/WARN] [mixin/]: Static binding violation: PRIVATE @Overwrite method setSectionDirty in sodium-common.mixins.json:core.render.world.LevelRendererMixin from mod sodium cannot reduce visibiliy of PUBLIC target method, visibility will be upgraded.
[27dez.2025 17:08:59.148] [Render thread/WARN] [net.minecraft.server.packs.VanillaPackResourcesBuilder/]: Assets URL 'union:/C:/Users/digod/AppData/Roaming/.minecraft/libraries/net/minecraft/client/1.21.1-20240808.144430/client-1.21.1-20240808.144430-srg.jar%23232!/assets/.mcassetsroot' uses unexpected schema
[27dez.2025 17:08:59.148] [Render thread/WARN] [net.minecraft.server.packs.VanillaPackResourcesBuilder/]: Assets URL 'union:/C:/Users/digod/AppData/Roaming/.minecraft/libraries/net/minecraft/client/1.21.1-20240808.144430/client-1.21.1-20240808.144430-srg.jar%23232!/data/.mcassetsroot' uses unexpected schema
[27dez.2025 17:08:59.171] [Thread-2/INFO] [MCEF/]: java-cef commit: a78e832f9f13c2c688caea3d04d8b84fcd238d94
[27dez.2025 17:08:59.176] [Thread-2/INFO] [MCEF/]: https://mcef-download.cinemamod.com/java-cef-builds/a78e832f9f13c2c688caea3d04d8b84fcd238d94/windows_amd64.tar.gz.sha256 -> F:\Yggdrasil2.0.0\rahs-yggdrasil\mods\mcef-libraries\windows_amd64.tar.gz.sha256.temp
[27dez.2025 17:08:59.180] [Render thread/INFO] [com.mojang.authlib.yggdrasil.YggdrasilAuthenticationService/]: Environment: Environment[sessionHost=https://sessionserver.mojang.com, servicesHost=https://api.minecraftservices.com, name=PROD]
[27dez.2025 17:08:59.207] [Render thread/INFO] [net.minecraft.client.Minecraft/]: Setting user: Zelador__
[27dez.2025 17:08:59.378] [Render thread/INFO] [mixin/]: BeforeConstant is searching for constants in method with descriptor (Lnet/minecraft/client/GuiMessage;)V
[27dez.2025 17:08:59.379] [Render thread/INFO] [mixin/]:   BeforeConstant found STRING constant: value = , stringValue = null
[27dez.2025 17:08:59.379] [Render thread/INFO] [mixin/]:     BeforeConstant found a matching constant TYPE at ordinal 0
[27dez.2025 17:08:59.379] [Render thread/INFO] [mixin/]:       BeforeConstant found LdcInsn 
[27dez.2025 17:08:59.379] [Render thread/INFO] [mixin/]:   BeforeConstant found STRING constant: value = \\r, stringValue = null
[27dez.2025 17:08:59.379] [Render thread/INFO] [mixin/]:     BeforeConstant found a matching constant TYPE at ordinal 1
[27dez.2025 17:08:59.379] [Render thread/INFO] [mixin/]:       BeforeConstant found LdcInsn \\r
[27dez.2025 17:08:59.379] [Render thread/INFO] [mixin/]:   BeforeConstant found STRING constant: value = 
, stringValue = null
[27dez.2025 17:08:59.380] [Render thread/INFO] [mixin/]:     BeforeConstant found a matching constant TYPE at ordinal 2
[27dez.2025 17:08:59.380] [Render thread/INFO] [mixin/]:       BeforeConstant found LdcInsn 

[27dez.2025 17:08:59.380] [Render thread/INFO] [mixin/]:   BeforeConstant found STRING constant: value = \\n, stringValue = null
[27dez.2025 17:08:59.380] [Render thread/INFO] [mixin/]:     BeforeConstant found a matching constant TYPE at ordinal 3
[27dez.2025 17:08:59.380] [Render thread/INFO] [mixin/]:       BeforeConstant found LdcInsn \\n
[27dez.2025 17:08:59.380] [Render thread/INFO] [mixin/]:   BeforeConstant found CLASS constant: value = Ljava/lang/String;, typeValue = null
[27dez.2025 17:08:59.380] [Render thread/INFO] [mixin/]:   BeforeConstant found STRING constant: value = [{}] [CHAT] {}, stringValue = null
[27dez.2025 17:08:59.380] [Render thread/INFO] [mixin/]:     BeforeConstant found a matching constant TYPE at ordinal 4
[27dez.2025 17:08:59.380] [Render thread/INFO] [mixin/]:       BeforeConstant found LdcInsn [{}] [CHAT] {}
[27dez.2025 17:08:59.381] [Render thread/INFO] [mixin/]:   BeforeConstant found STRING constant: value = [CHAT] {}, stringValue = null
[27dez.2025 17:08:59.381] [Render thread/INFO] [mixin/]:     BeforeConstant found a matching constant TYPE at ordinal 5
[27dez.2025 17:08:59.381] [Render thread/INFO] [mixin/]:       BeforeConstant found LdcInsn [CHAT] {}
[27dez.2025 17:08:59.609] [Render thread/INFO] [net.minecraft.client.Minecraft/]: Backend library: LWJGL version 3.3.3+5
[27dez.2025 17:08:59.939] [Render thread/INFO] [com.mojang.blaze3d.platform.Window/]: OpenGL Vendor: ATI Technologies Inc.
[27dez.2025 17:08:59.940] [Render thread/INFO] [com.mojang.blaze3d.platform.Window/]: OpenGL Renderer: AMD Radeon RX 5700 XT
[27dez.2025 17:08:59.940] [Render thread/INFO] [com.mojang.blaze3d.platform.Window/]: OpenGL Version: 4.6.0 Core Profile Context 25.12.1.251128
[27dez.2025 17:09:00.039] [Render thread/INFO] [ImmediatelyFast/]: Initializing ImmediatelyFast 1.6.9+1.21.1 on AMD Radeon RX 5700 XT (ATI Technologies Inc.) with OpenGL 4.6.0 Core Profile Context 25.12.1.251128
[27dez.2025 17:09:00.039] [Render thread/INFO] [ImmediatelyFast/]: Found Iris 1.8.12-snapshot+mc1.21.1-local. Enabling compatibility.
[27dez.2025 17:09:00.141] [ForkJoinPool.commonPool-worker-2/WARN] [Iris/]: [Iris Update Check] This version doesn't have an update index, skipping.
[27dez.2025 17:09:00.292] [Render thread/INFO] [Iris/]: Debug functionality is disabled.
[27dez.2025 17:09:00.295] [Render thread/INFO] [Iris/]: OpenGL 4.5 detected, enabling DSA.
[27dez.2025 17:09:00.309] [Render thread/INFO] [Iris/]: Shaders are disabled because no valid shaderpack is selected
[27dez.2025 17:09:00.309] [Render thread/INFO] [colorwheel/]: Is OIT supported: true
[27dez.2025 17:09:00.531] [modloading-worker-0/INFO] [STDOUT/]: [net.dnlayu.fastboot.FastBoot:<init>:9]: === FASTBOOT MOD LOADED SUCCESSFULLY ===
[27dez.2025 17:09:00.531] [modloading-worker-0/INFO] [STDOUT/]: [net.dnlayu.fastboot.FastBoot:<init>:10]: FastBoot mod is now active!
[27dez.2025 17:09:00.535] [modloading-worker-0/INFO] [de.keksuccino.fancymenu.FancyMenu/]: [FANCYMENU] Loading v3.8.1 in client-side mode on NEOFORGE!
[27dez.2025 17:09:00.539] [modloading-worker-0/INFO] [STDOUT/]: [dev.tr7zw.trender.gui.impl.client.LibGuiClient:onInitializeClient:34]: [LibGui] Initializing Client...
[27dez.2025 17:09:00.569] [modloading-worker-0/INFO] [net.neoforged.neoforge.common.NeoForgeMod/NEOFORGE-MOD]: NeoForge mod loading, version 21.1.217, for MC 1.21.1
[27dez.2025 17:09:00.634] [modloading-worker-0/INFO] [de.keksuccino.fancymenu.util.mcef.BrowserHandler/]: [FANCYMENU] Starting initialization of BrowserHandler..
[27dez.2025 17:09:00.634] [modloading-worker-0/WARN] [de.keksuccino.fancymenu.util.mcef.BrowserHandler/]: [FANCYMENU] MCEF not initialized yet! Will wait for MCEF to be ready before initializing BrowserHandler!
[27dez.2025 17:09:00.636] [modloading-worker-0/INFO] [de.keksuccino.fancymenu.util.rendering.video.mcef.MCEFVideoManager/]: [FANCYMENU] Starting initialization of MCEFVideoManager..
[27dez.2025 17:09:00.636] [modloading-worker-0/WARN] [de.keksuccino.fancymenu.util.rendering.video.mcef.MCEFVideoManager/]: [FANCYMENU] MCEF not initialized yet! Will wait for MCEF to be ready before initializing MCEFVideoManager!
[27dez.2025 17:09:00.711] [modloading-worker-0/INFO] [ModSharedBootstrap/]: KryptonFNP is now accelerating your Minecraft client's networking stack 🚀
[27dez.2025 17:09:00.711] [modloading-worker-0/INFO] [ModSharedBootstrap/]: Note that KryptonFNP is most effective on servers, not the client.
[27dez.2025 17:09:00.799] [modloading-worker-0/INFO] [chloride/Main]: Chloride is here, lets make your experience taste-able
[27dez.2025 17:09:00.851] [modloading-worker-0/INFO] [de.keksuccino.melody.Melody/]: [MELODY] Loading v1.0.10 on NEOFORGE...
[27dez.2025 17:09:00.885] [modloading-worker-0/INFO] [de.keksuccino.konkrete.Konkrete/]: [KONKRETE] Loading v1.9.9 in client-side mode on NEOFORGE!
[27dez.2025 17:09:00.885] [modloading-worker-0/INFO] [de.keksuccino.konkrete.Konkrete/]: ---------------------------
[27dez.2025 17:09:00.885] [modloading-worker-0/INFO] [de.keksuccino.konkrete.Konkrete/]: KONKRETE SHIPS AND USES THE FOLLOWING LIBRARIES:
[27dez.2025 17:09:00.886] [modloading-worker-0/INFO] [de.keksuccino.konkrete.Konkrete/]:  
[27dez.2025 17:09:00.886] [modloading-worker-0/INFO] [de.keksuccino.konkrete.Konkrete/]: Open Imaging Copyright © 2014 Dhyan Blum.
[27dez.2025 17:09:00.886] [modloading-worker-0/INFO] [de.keksuccino.konkrete.Konkrete/]: Open Imaging is licensed under Apache-2.0.
[27dez.2025 17:09:00.886] [modloading-worker-0/INFO] [de.keksuccino.konkrete.Konkrete/]:  
[27dez.2025 17:09:00.886] [modloading-worker-0/INFO] [de.keksuccino.konkrete.Konkrete/]: JsonPath Copyright © 2017 Jayway.
[27dez.2025 17:09:00.886] [modloading-worker-0/INFO] [de.keksuccino.konkrete.Konkrete/]: JsonPath is licensed under Apache-2.0.
[27dez.2025 17:09:00.886] [modloading-worker-0/INFO] [de.keksuccino.konkrete.Konkrete/]:  
[27dez.2025 17:09:00.886] [modloading-worker-0/INFO] [de.keksuccino.konkrete.Konkrete/]: Json-smart Copyright © netplex.
[27dez.2025 17:09:00.886] [modloading-worker-0/INFO] [de.keksuccino.konkrete.Konkrete/]: Json-smart is licensed under Apache-2.0.
[27dez.2025 17:09:00.886] [modloading-worker-0/INFO] [de.keksuccino.konkrete.Konkrete/]:  
[27dez.2025 17:09:00.886] [modloading-worker-0/INFO] [de.keksuccino.konkrete.Konkrete/]: Exp4j Copyright © Frank Asseg.
[27dez.2025 17:09:00.886] [modloading-worker-0/INFO] [de.keksuccino.konkrete.Konkrete/]: Exp4j is licensed under Apache-2.0. https://github.com/fasseg/exp4j
[27dez.2025 17:09:00.888] [modloading-worker-0/INFO] [de.keksuccino.konkrete.Konkrete/]: ---------------------------
[27dez.2025 17:09:00.888] [modloading-worker-0/INFO] [de.keksuccino.konkrete.Konkrete/]: [KONKRETE] Server-side modules initialized and ready to use!
[27dez.2025 17:09:00.891] [modloading-worker-0/INFO] [de.keksuccino.drippyloadingscreen.DrippyLoadingScreen/]: [DRIPPY LOADING SCREEN] Loading v3.1.0 in client-side mode on NEOFORGE!
[27dez.2025 17:09:00.945] [modloading-worker-0/INFO] [me.fallenbreath.fastipping.FastIpPingMod/]: ping & connect fast!
[27dez.2025 17:09:00.946] [modloading-worker-0/INFO] [dev.wuffs.bcc.BetterCompatibilityChecker/]: Better Compatibility Checker starting
[27dez.2025 17:09:01.017] [modloading-worker-0/INFO] [STDOUT/]: [com.jab125.mpuc.config.MpucConfig:readSchemaV9:438]: found type, is TWO
[27dez.2025 17:09:01.022] [modloading-worker-0/INFO] [STDOUT/]: [com.jab125.mpuc.Mpuc:onInitialize:75]: [Modpack Update Checker] Loaded configuration file.
[27dez.2025 17:09:01.074] [modloading-worker-0/INFO] [KubeJS/]: Loading vanilla registries...
[27dez.2025 17:09:01.102] [modloading-worker-0/INFO] [ModSharedBootstrap/]: Compression will use RecastXZ 2 (Windows x86_64), encryption will use Java
[27dez.2025 17:09:01.117] [modloading-worker-0/INFO] [KubeJS/]: Looking for KubeJS plugins...
[27dez.2025 17:09:01.122] [modloading-worker-0/INFO] [KubeJS/]: Found plugin source kubejs
[27dez.2025 17:09:01.135] [modloading-worker-0/INFO] [KubeJS/]: Found plugin source kubejstweaks
[27dez.2025 17:09:01.140] [modloading-worker-0/WARN] [KubeJS/]: Plugin dev.uncandango.kubejstweaks.kubejs.kjs71.plugin.KJSTProbeJSPlugin does not have required mod 'probejs' loaded, skipping
[27dez.2025 17:09:01.140] [modloading-worker-0/WARN] [KubeJS/]: Plugin dev.uncandango.kubejstweaks.kubejs.kjs72.plugin.KJSTProbeJSPlugin does not have required mod 'probejs' loaded, skipping
[27dez.2025 17:09:01.142] [modloading-worker-0/INFO] [KubeJS/]: Done in 23.82 ms
[27dez.2025 17:09:01.268] [modloading-worker-0/INFO] [com.bigenergy.achiopt.Achiopt/]: Enabling Achievement Optimizer
[27dez.2025 17:09:01.404] [modloading-worker-0/INFO] [com.simibubi.create.Create/]: Create 6.0.8 initializing! Commit hash: 5f1b407a97467157e7a0da0c560c7d1d5f378929
[27dez.2025 17:09:01.629] [modloading-worker-0/INFO] [STDOUT/]: [com.jab125.mpuc.Hotfixes:init:42]: Fetching available hotfixes...
[27dez.2025 17:09:02.074] [modloading-worker-0/INFO] [STDERR/]: [com.jab125.mpuc.Hotfixes:init:67]: 404: Not Found can't be hotfixed!
[27dez.2025 17:09:02.075] [modloading-worker-0/INFO] [STDOUT/]: [com.jab125.mpuc.Hotfixes:init:88]: Found 0 hotfixes in 445 ms
[27dez.2025 17:09:02.308] [modloading-worker-0/INFO] [KubeJS Startup/]: startup_scripts:main.js#2: Hello, World! (Loaded startup example script)
[27dez.2025 17:09:02.310] [modloading-worker-0/INFO] [KubeJS Startup/]: Loaded script startup_scripts:main.js in 0.037 s
[27dez.2025 17:09:02.312] [modloading-worker-0/INFO] [KubeJS Startup/]: Loaded 1/1 KubeJS startup scripts in 1.159 s with 0 errors and 0 warnings
[27dez.2025 17:09:02.333] [modloading-worker-0/INFO] [KubeJS Client/]: client_scripts:main.js#2: Hello, World! (Loaded client example script)
[27dez.2025 17:09:02.333] [modloading-worker-0/INFO] [KubeJS Client/]: Loaded script client_scripts:main.js in 0.001 s
[27dez.2025 17:09:02.333] [modloading-worker-0/INFO] [KubeJS Client/]: Loaded 1/1 KubeJS client scripts in 0.019 s with 0 errors and 0 warnings
[27dez.2025 17:09:02.336] [modloading-worker-0/INFO] [KubeJS Startup/]: Validated 0 files in kubejs/assets/ in 1ms
[27dez.2025 17:09:02.337] [modloading-worker-0/INFO] [KubeJS Startup/]: Validated 0 files in kubejs/data/ in 0ms
[27dez.2025 17:09:05.144] [Render thread/INFO] [chloride/]: Registering CHLORIDE built-in packs
[27dez.2025 17:09:05.659] [Render thread/INFO] [Iris/]: Hardware information:
[27dez.2025 17:09:05.660] [Render thread/INFO] [Iris/]: CPU: 4x Intel(R) Core(TM) i5-7400 CPU @ 3.00GHz
[27dez.2025 17:09:05.660] [Render thread/INFO] [Iris/]: GPU: AMD Radeon RX 5700 XT (Supports OpenGL 4.6.0 Core Profile Context 25.12.1.251128)
[27dez.2025 17:09:05.660] [Render thread/INFO] [Iris/]: OS: Windows 10 (10.0)
[27dez.2025 17:09:06.370] [Render thread/INFO] [net.minecraft.client.Minecraft/]: [FANCYMENU] Registering resource reload listener..
[27dez.2025 17:09:06.473] [Render thread/INFO] [mixin/]: fancymenu.mixins.json:client.IMixinRealmsNotificationsScreen from mod fancymenu->@Accessor[FIELD_GETTER]::get_trialAvailable_FancyMenu()Z should be static as its target is
[27dez.2025 17:09:06.473] [Render thread/INFO] [mixin/]: fancymenu.mixins.json:client.IMixinRealmsNotificationsScreen from mod fancymenu->@Accessor[FIELD_GETTER]::get_hasUnreadNews_FancyMenu()Z should be static as its target is
[27dez.2025 17:09:06.473] [Render thread/INFO] [mixin/]: fancymenu.mixins.json:client.IMixinRealmsNotificationsScreen from mod fancymenu->@Accessor[FIELD_GETTER]::get_hasUnseenNotifications()Z should be static as its target is
[27dez.2025 17:09:07.557] [Render thread/INFO] [MCEF/]: Initializing CEF on windows_amd64...
[27dez.2025 17:09:07.666] [Render thread/INFO] [STDOUT/]: [org.cef.CefApp:initialize:361]: initialize on Thread[#3,Render thread,5,main] with library path F:\Yggdrasil2.0.0\rahs-yggdrasil\mods\mcef-libraries\windows_amd64
[27dez.2025 17:09:07.722] [Render thread/INFO] [MCEF/]: Chromium Embedded Framework initialized
[27dez.2025 17:09:07.834] [Render thread/INFO] [net.minecraft.server.packs.resources.ReloadableResourceManager/]: Reloading ResourceManager: vanilla, KubeJS Virtual Resource Pack [Before Mods, assets], mod_resources, mod/sodium, mod/rhino, mod/mcef, mod/almanac, mod/fabric_renderer_api_v1, mod/kubejstweaks, mod/sodiumleafculling, mod/fastboot, mod/fancy_entity_renderer, mod/trender, mod/neoforge, mod/kubejs, mod/placebo, mod/fastsuite, mod/modernfix, mod/fabric_block_view_api_v2, mod/krypton_fnp, mod/configured, mod/iris, mod/catalogue, mod/chloride, mod/melody, mod/cloth_config, mod/konkrete, mod/drippyloadingscreen, mod/fastipping, mod/bcc, mod/fabric_api_base, mod/alltheleaks, mod/smoothboot, mod/lionfishapi, mod/spark, mod/modpackupdatechecker, mod/modelfix, mod/cataclysm, mod/curios, mod/fastbench, mod/entityculling, mod/moreculling, mod/fancymenu, mod/immediatelyfast, mod/fastfurnace, mod/architectury, mod/achiopt, mod/ferritecore, mod/conditional_mixin, mod/transition, mod/fabric_rendering_data_attachment_v1, mod/colorwheel, mod/flywheel, mod/ponder, mod/create, mod/badoptimizations, mod/letmedespawn, KubeJS Virtual Resource Pack [Internal, assets], KubeJS Virtual Resource Pack [After Mods, assets], KubeJS File Resource Pack [assets], mod/mpuc_lavendermd, KubeJS Virtual Resource Pack [Last, assets]
[27dez.2025 17:09:07.916] [Render thread/INFO] [de.keksuccino.fancymenu.customization.ScreenCustomization/]: [FANCYMENU] Initializing screen customization engine! Addons should NOT REGISTER TO REGISTRIES anymore now!
[27dez.2025 17:09:08.381] [NeoForge Version Check/INFO] [net.neoforged.fml.VersionChecker/]: [fancy_entity_renderer] Starting version check at https://api.modrinth.com/updates/fancy-entity-renderer/forge_updates.json
[27dez.2025 17:09:08.402] [Worker-ResourceReload-1/INFO] [dev.wuffs.bcc.BetterCompatibilityChecker/]: Better Compatibility Checker setup
[27dez.2025 17:09:08.404] [Worker-ResourceReload-1/INFO] [dev.wuffs.bcc.BetterCompatibilityChecker/]: Loaded BetterCompatibilityChecker - Modpack: YggdrasilSMP | Version: 2.0.0
[27dez.2025 17:09:08.573] [Worker-ResourceReload-0/WARN] [net.minecraft.client.sounds.SoundManager/]: File cataclysm:sounds/entity/maledictus_leap.ogg does not exist, cannot add it to event cataclysm:maledictus_leap
[27dez.2025 17:09:08.574] [Worker-ResourceReload-0/WARN] [net.minecraft.client.sounds.SoundManager/]: File cataclysm:sounds/entity/maledictus_idle3.ogg does not exist, cannot add it to event cataclysm:maledictus_idle
[27dez.2025 17:09:08.764] [Worker-ResourceReload-2/INFO] [net.minecraft.client.gui.font.providers.UnihexProvider/]: Found unifont_all_no_pua-15.1.05.hex, loading
[27dez.2025 17:09:08.800] [Worker-ResourceReload-0/INFO] [net.minecraft.client.gui.font.providers.UnihexProvider/]: Found unifont_jp_patch-15.1.05.hex, loading
[27dez.2025 17:09:08.942] [Render thread/INFO] [net.minecraft.client.gui.screens.LoadingOverlay/]: [DRIPPY LOADING SCREEN] Initializing fonts for text rendering..
[27dez.2025 17:09:08.945] [Render thread/INFO] [de.keksuccino.fancymenu.customization.layer.ScreenCustomizationLayerHandler/]: [FANCYMENU] ScreenCustomizationLayer registered: drippy_loading_overlay
[27dez.2025 17:09:09.106] [Render thread/INFO] [de.keksuccino.fancymenu.FancyMenu/]: [FANCYMENU] Starting late client initialization phase..
[27dez.2025 17:09:09.176] [NeoForge Version Check/INFO] [net.neoforged.fml.VersionChecker/]: [fancy_entity_renderer] Found status: BETA Current: 0.4.2 Target: null
[27dez.2025 17:09:09.176] [NeoForge Version Check/INFO] [net.neoforged.fml.VersionChecker/]: [krypton_fnp] Starting version check at https://mvnc.pkg.one/update/mod/krypton_fnp/forge_update.json
[27dez.2025 17:09:09.200] [Render thread/INFO] [KubeJS Client/]: Client resource reload complete!
[27dez.2025 17:09:09.219] [Render thread/INFO] [de.keksuccino.konkrete.Konkrete/]: [KONKRETE] Client-side modules initialized and ready to use!
[27dez.2025 17:09:09.222] [Render thread/INFO] [moreculling/]: Cached all modded block culling states
[27dez.2025 17:09:09.277] [Render thread/INFO] [de.keksuccino.fancymenu.util.mcef.ActionBridge/]: [FANCYMENU] Initializing ActionBridge message router
[27dez.2025 17:09:09.280] [Render thread/INFO] [de.keksuccino.fancymenu.util.mcef.ActionBridge/]: [FANCYMENU] ActionBridge message router initialized successfully
[27dez.2025 17:09:09.281] [Render thread/INFO] [de.keksuccino.fancymenu.util.mcef.BrowserHandler/]: [FANCYMENU] BrowserHandler successfully initialized!
[27dez.2025 17:09:09.284] [Render thread/INFO] [de.keksuccino.fancymenu.util.rendering.video.mcef.MCEFVideoManager/]: [FANCYMENU] MCEFVideoManager: Successfully extracted video player web resources
[27dez.2025 17:09:09.284] [Render thread/INFO] [de.keksuccino.fancymenu.util.rendering.video.mcef.MCEFVideoManager/]: [FANCYMENU] MCEFVideoManager successfully initialized!
[27dez.2025 17:09:09.300] [Worker-Main-1/INFO] [net.minecraft.client.gui.font.providers.UnihexProvider/]: Found unifont_all_no_pua-15.1.05.hex, loading
[27dez.2025 17:09:09.369] [NeoForge Version Check/INFO] [net.neoforged.fml.VersionChecker/]: [krypton_fnp] Found status: UP_TO_DATE Current: 0.2.27-1.21.1 Target: null
[27dez.2025 17:09:09.369] [NeoForge Version Check/INFO] [net.neoforged.fml.VersionChecker/]: [catalogue] Starting version check at https://mrcrayfish.com/modupdatejson?id=catalogue&loader=neoforge
[27dez.2025 17:09:09.380] [Worker-Main-2/INFO] [net.minecraft.client.gui.font.providers.UnihexProvider/]: Found unifont_jp_patch-15.1.05.hex, loading
[27dez.2025 17:09:09.618] [NeoForge Version Check/WARN] [net.neoforged.fml.VersionChecker/]: Failed to process update information
com.google.gson.JsonSyntaxException: java.lang.IllegalStateException: Expected BEGIN_OBJECT but was STRING at line 1 column 1 path $
	at MC-BOOTSTRAP/com.google.gson@2.10.1/com.google.gson.Gson.fromJson(Gson.java:1238) ~[gson-2.10.1.jar%23142!/:?]
	at MC-BOOTSTRAP/com.google.gson@2.10.1/com.google.gson.Gson.fromJson(Gson.java:1137) ~[gson-2.10.1.jar%23142!/:?]
	at MC-BOOTSTRAP/com.google.gson@2.10.1/com.google.gson.Gson.fromJson(Gson.java:1047) ~[gson-2.10.1.jar%23142!/:?]
	at MC-BOOTSTRAP/com.google.gson@2.10.1/com.google.gson.Gson.fromJson(Gson.java:982) ~[gson-2.10.1.jar%23142!/:?]
	at MC-BOOTSTRAP/fml_loader@4.0.42/net.neoforged.fml.VersionChecker$1.process(VersionChecker.java:167) [loader-4.0.42.jar%23107!/:4.0]
	at java.base/java.lang.Iterable.forEach(Iterable.java:75) [?:?]
	at MC-BOOTSTRAP/fml_loader@4.0.42/net.neoforged.fml.VersionChecker$1.run(VersionChecker.java:105) [loader-4.0.42.jar%23107!/:4.0]
Caused by: java.lang.IllegalStateException: Expected BEGIN_OBJECT but was STRING at line 1 column 1 path $
	at MC-BOOTSTRAP/com.google.gson@2.10.1/com.google.gson.stream.JsonReader.beginObject(JsonReader.java:393) ~[gson-2.10.1.jar%23142!/:?]
	at MC-BOOTSTRAP/com.google.gson@2.10.1/com.google.gson.internal.bind.MapTypeAdapterFactory$Adapter.read(MapTypeAdapterFactory.java:182) ~[gson-2.10.1.jar%23142!/:?]
	at MC-BOOTSTRAP/com.google.gson@2.10.1/com.google.gson.internal.bind.MapTypeAdapterFactory$Adapter.read(MapTypeAdapterFactory.java:144) ~[gson-2.10.1.jar%23142!/:?]
	at MC-BOOTSTRAP/com.google.gson@2.10.1/com.google.gson.Gson.fromJson(Gson.java:1227) ~[gson-2.10.1.jar%23142!/:?]
	... 6 more
[27dez.2025 17:09:10.532] [Worker-ResourceReload-0/WARN] [net.minecraft.client.renderer.texture.SpriteContents/]: Unused frames in sprite cataclysm:item/cursed_eye: [8, 9]
[27dez.2025 17:09:10.676] [Worker-ResourceReload-0/WARN] [net.minecraft.client.renderer.texture.SpriteLoader/]: Texture cataclysm:item/black_steel_axe with size 15x16 limits mip level from 4 to 0
[27dez.2025 17:09:11.062] [Placebo Patreon Trail Loader/INFO] [placebo/]: Loading patreon trails data...
[27dez.2025 17:09:11.065] [Worker-ResourceReload-0/INFO] [chloride/]: LOADED CHLORIDE
[27dez.2025 17:09:11.066] [Placebo Patreon Wing Loader/INFO] [placebo/]: Loading patreon wing data...
[27dez.2025 17:09:11.742] [Placebo Patreon Trail Loader/INFO] [placebo/]: Loaded 50 patreon trails.
[27dez.2025 17:09:11.747] [Placebo Patreon Wing Loader/INFO] [placebo/]: Loaded 43 patreon wings.
[27dez.2025 17:09:12.374] [Render thread/INFO] [KubeJS/]: Started the local web server at http://localhost:61423
[27dez.2025 17:09:14.377] [Worker-ResourceReload-1/WARN] [net.minecraft.client.resources.model.ModelManager/]: Missing textures in model cataclysm:coral_chunk#inventory:
    minecraft:textures/atlas/blocks.png:cataclysm:item/coral_chunk_1
[27dez.2025 17:09:14.669] [Worker-ResourceReload-1/INFO] [PonderIndex/]: Registering Ponder Scenes took 108.6 ms
[27dez.2025 17:09:14.674] [Worker-ResourceReload-1/INFO] [PonderIndex/]: Registering Ponder Tags took 4.727 ms
[27dez.2025 17:09:14.684] [Render thread/INFO] [Configured/]: Successfully loaded config provider: com.mrcrayfish.configured.impl.neoforge.NeoForgeConfigProvider
[27dez.2025 17:09:14.685] [Render thread/INFO] [Configured/]: Successfully loaded config provider: com.mrcrayfish.configured.impl.framework.FrameworkConfigProvider
[27dez.2025 17:09:14.686] [Render thread/INFO] [Configured/]: Successfully loaded config provider: com.mrcrayfish.configured.impl.jei.JeiConfigProvider
[27dez.2025 17:09:14.686] [Render thread/INFO] [Configured/]: Creating config GUI factories...
[27dez.2025 17:09:14.691] [Render thread/INFO] [Configured/]: Registering config factory for mod almanac. Found 1 config(s)
[27dez.2025 17:09:14.692] [Render thread/INFO] [Configured/]: Registering config factory for mod achiopt. Found 1 config(s)
[27dez.2025 17:09:14.692] [Render thread/INFO] [Configured/]: Registering config factory for mod bcc. Found 1 config(s)
[27dez.2025 17:09:14.693] [Render thread/INFO] [Configured/]: Registering config factory for mod modelfix. Found 1 config(s)
[27dez.2025 17:09:14.693] [Render thread/INFO] [Configured/]: Registering config factory for mod cataclysm. Found 1 config(s)
[27dez.2025 17:09:14.693] [Render thread/INFO] [Configured/]: Registering config factory for mod curios. Found 3 config(s)
[27dez.2025 17:09:14.693] [Render thread/INFO] [Configured/]: Registering config factory for mod flywheel. Found 1 config(s)
[27dez.2025 17:09:14.693] [Render thread/INFO] [Configured/]: Registering config factory for mod colorwheel. Found 1 config(s)
[27dez.2025 17:09:14.933] [Render thread/WARN] [net.minecraft.client.sounds.SoundEngine/]: Missing sound for event: minecraft:item.goat_horn.play
[27dez.2025 17:09:14.934] [Render thread/WARN] [net.minecraft.client.sounds.SoundEngine/]: Missing sound for event: minecraft:entity.goat.screaming.horn_break
[27dez.2025 17:09:14.934] [Render thread/WARN] [net.minecraft.client.sounds.SoundEngine/]: Missing sound for event: cataclysm:ignis_music_disc
[27dez.2025 17:09:14.934] [Render thread/WARN] [net.minecraft.client.sounds.SoundEngine/]: Missing sound for event: cataclysm:ignisshieldbreak
[27dez.2025 17:09:15.107] [Render thread/INFO] [com.mojang.blaze3d.audio.Library/]: OpenAL initialized on device OpenAL Soft on 3 - 27G2WG3- (AMD High Definition Audio Device)
[27dez.2025 17:09:15.108] [Render thread/INFO] [net.minecraft.client.sounds.SoundEngine/SOUNDS]: Sound engine started
[27dez.2025 17:09:15.108] [Render thread/INFO] [net.minecraft.client.sounds.SoundEngine/]: [FANCYMENU] Reloading AudioResourceHandler after Minecraft SoundEngine reload..
[27dez.2025 17:09:15.197] [Render thread/INFO] [net.minecraft.client.renderer.texture.TextureAtlas/]: Created: 2048x2048x4 minecraft:textures/atlas/blocks.png-atlas
[27dez.2025 17:09:15.239] [Render thread/INFO] [net.minecraft.client.renderer.texture.TextureAtlas/]: Created: 256x256x4 minecraft:textures/atlas/signs.png-atlas
[27dez.2025 17:09:15.240] [Render thread/INFO] [net.minecraft.client.renderer.texture.TextureAtlas/]: Created: 512x512x4 minecraft:textures/atlas/shield_patterns.png-atlas
[27dez.2025 17:09:15.241] [Render thread/INFO] [net.minecraft.client.renderer.texture.TextureAtlas/]: Created: 512x512x4 minecraft:textures/atlas/banner_patterns.png-atlas
[27dez.2025 17:09:15.242] [Render thread/INFO] [net.minecraft.client.renderer.texture.TextureAtlas/]: Created: 2048x2048x4 minecraft:textures/atlas/armor_trims.png-atlas
[27dez.2025 17:09:15.255] [Render thread/INFO] [net.minecraft.client.renderer.texture.TextureAtlas/]: Created: 256x256x4 minecraft:textures/atlas/chest.png-atlas
[27dez.2025 17:09:15.256] [Render thread/INFO] [net.minecraft.client.renderer.texture.TextureAtlas/]: Created: 128x64x4 minecraft:textures/atlas/decorated_pot.png-atlas
[27dez.2025 17:09:15.257] [Render thread/INFO] [net.minecraft.client.renderer.texture.TextureAtlas/]: Created: 512x256x4 minecraft:textures/atlas/beds.png-atlas
[27dez.2025 17:09:15.258] [Render thread/INFO] [net.minecraft.client.renderer.texture.TextureAtlas/]: Created: 512x256x4 minecraft:textures/atlas/shulker_boxes.png-atlas
[27dez.2025 17:09:15.403] [Render thread/INFO] [net.minecraft.client.renderer.texture.TextureAtlas/]: Created: 1024x512x0 minecraft:textures/atlas/particles.png-atlas
[27dez.2025 17:09:15.406] [Render thread/INFO] [net.minecraft.client.renderer.texture.TextureAtlas/]: Created: 512x256x0 minecraft:textures/atlas/paintings.png-atlas
[27dez.2025 17:09:15.407] [Render thread/INFO] [net.minecraft.client.renderer.texture.TextureAtlas/]: Created: 256x128x0 minecraft:textures/atlas/mob_effects.png-atlas
[27dez.2025 17:09:15.408] [Render thread/INFO] [net.minecraft.client.renderer.texture.TextureAtlas/]: Created: 64x64x0 minecraft:textures/atlas/map_decorations.png-atlas
[27dez.2025 17:09:15.409] [Render thread/INFO] [net.minecraft.client.renderer.texture.TextureAtlas/]: Created: 1024x512x0 minecraft:textures/atlas/gui.png-atlas
[27dez.2025 17:09:15.448] [Render thread/WARN] [net.minecraft.client.renderer.ShaderInstance/]: Shader rendertype_entity_translucent_emissive could not find sampler named Sampler2 in the specified shader program.
[27dez.2025 17:09:16.239] [Render thread/INFO] [net.neoforged.neoforge.client.entity.animation.json.AnimationLoader/]: Loaded 0 entity animations
[27dez.2025 17:09:16.268] [Render thread/INFO] [flywheel/backend/shaders/]: Loaded 109 shader sources in 24,075 ms
[27dez.2025 17:09:16.293] [Render thread/INFO] [com.simibubi.create.Create/]: Loaded 58 train hat configurations.
[27dez.2025 17:09:16.293] [Render thread/INFO] [de.keksuccino.fancymenu.util.resource.ResourceHandlers/]: [FANCYMENU] Reloading resources..
[27dez.2025 17:09:16.295] [Render thread/INFO] [de.keksuccino.fancymenu.util.resource.preload.ResourcePreLoader/]: [FANCYMENU] Pre-loading resources..
[27dez.2025 17:09:16.316] [Render thread/INFO] [de.keksuccino.fancymenu.customization.layer.ScreenCustomizationLayerHandler/]: [FANCYMENU] Minecraft resource reload: FINISHED
[27dez.2025 17:09:16.324] [Render thread/INFO] [de.keksuccino.fancymenu.customization.layer.ScreenCustomizationLayerHandler/]: [FANCYMENU] ScreenCustomizationLayer registered: title_screen
[27dez.2025 17:09:16.335] [Render thread/INFO] [Iris/]: Creating pipeline for dimension minecraft:overworld
[27dez.2025 17:09:16.559] [IO-Worker-1/INFO] [com.mojang.realmsclient.client.RealmsClient/]: Could not authorize you against Realms server: java.lang.RuntimeException: Failed to parse into SignedJWT: fbb7ca443d724314978d14fd46022008
[27dez.2025 17:09:16.560] [IO-Worker-1/ERROR] [com.mojang.realmsclient.RealmsAvailability/]: Couldn't connect to realms
com.mojang.realmsclient.exception.RealmsServiceException: Realms authentication error with message 'java.lang.RuntimeException: Failed to parse into SignedJWT: fbb7ca443d724314978d14fd46022008'
	at TRANSFORMER/minecraft@1.21.1/com.mojang.realmsclient.client.RealmsClient.execute(RealmsClient.java:447) ~[client-1.21.1-20240808.144430-srg.jar%23232!/:?]
	at TRANSFORMER/minecraft@1.21.1/com.mojang.realmsclient.client.RealmsClient.clientCompatible(RealmsClient.java:232) ~[client-1.21.1-20240808.144430-srg.jar%23232!/:?]
	at TRANSFORMER/minecraft@1.21.1/com.mojang.realmsclient.RealmsAvailability.lambda$check$0(RealmsAvailability.java:51) [client-1.21.1-20240808.144430-srg.jar%23232!/:?]
	at java.base/java.util.concurrent.CompletableFuture$AsyncSupply.run(CompletableFuture.java:1789) [?:?]
	at java.base/java.util.concurrent.ThreadPoolExecutor.runWorker(ThreadPoolExecutor.java:1090) [?:?]
	at java.base/java.util.concurrent.ThreadPoolExecutor$Worker.run(ThreadPoolExecutor.java:614) [?:?]
	at java.base/java.lang.Thread.run(Thread.java:1474) [?:?]
[27dez.2025 17:09:18.363] [Render thread/WARN] [ModernFix/]: Game took 42.848 seconds to start
[27dez.2025 17:09:21.264] [CullThread/INFO] [STDOUT/]: [dev.tr7zw.entityculling.CullTask:run:90]: Shutting down culling task!
[27dez.2025 17:09:21.276] [Render thread/INFO] [net.minecraft.client.Minecraft/]: Stopping!
[27dez.2025 17:09:21.281] [Render thread/INFO] [de.keksuccino.fancymenu.customization.layer.ScreenCustomizationLayerHandler/]: [FANCYMENU] ScreenCustomizationLayer registered: progress_screen
[27dez.2025 17:09:21.654] [Render thread/WARN] [MCEF/]: JCEF is still running, killing to avoid lingering processes.
